2021-11-03T12:03:11.042824-00:00 0 [System] [MY-013169] [Server] /usr/sbin/mysqld (mysqld 8.0.27) initializing of server in progress as process 44
2021-11-03T12:03:11.073388-00:00 0 [Warning] [MY-010159] [Server] Setting lower_case_table_names=2 because file system for /var/lib/mysql/ is case insensitive
2021-11-03T12:03:11.127500-00:00 1 [System] [MY-013576] [InnoDB] InnoDB initialization has started.
2021-11-03T12:03:19.146535-00:00 1 [System] [MY-013577] [InnoDB] InnoDB initialization has ended.
2021-11-03T12:03:26.681855-00:00 0 [Warning] [MY-013746] [Server] A deprecated TLS version TLSv1 is enabled for channel mysql_main
2021-11-03T12:03:26.683644-00:00 0 [Warning] [MY-013746] [Server] A deprecated TLS version TLSv1.1 is enabled for channel mysql_main
2021-11-03T12:03:26.954535-00:00 6 [Warning] [MY-010453] [Server] root@localhost is created with an empty password ! Please consider switching off the --initialize-insecure option.
2021-11-03T12:03:58.749329-00:00 0 [System] [MY-010116] [Server] /usr/sbin/mysqld (mysqld 8.0.27) starting as process 93
2021-11-03T12:03:58.839020-00:00 0 [Warning] [MY-010159] [Server] Setting lower_case_table_names=2 because file system for /var/lib/mysql/ is case insensitive
2021-11-03T12:03:59.155258-00:00 1 [System] [MY-013576] [InnoDB] InnoDB initialization has started.
2021-11-03T12:04:02.693272-00:00 1 [System] [MY-013577] [InnoDB] InnoDB initialization has ended.
2021-11-03T12:04:05.570802-00:00 0 [Warning] [MY-013746] [Server] A deprecated TLS version TLSv1 is enabled for channel mysql_main
2021-11-03T12:04:05.573570-00:00 0 [Warning] [MY-013746] [Server] A deprecated TLS version TLSv1.1 is enabled for channel mysql_main
2021-11-03T12:04:05.599645-00:00 0 [Warning] [MY-010068] [Server] CA certificate ca.pem is self signed.
2021-11-03T12:04:05.602011-00:00 0 [System] [MY-013602] [Server] Channel mysql_main configured to support TLS. Encrypted connections are now supported for this channel.
2021-11-03T12:04:05.622220-00:00 0 [Warning] [MY-011810] [Server] Insecure configuration for --pid-file: Location '/var/run/mysqld' in the path is accessible to all OS users. Consider choosing a different directory.
2021-11-03T12:04:05.881181-00:00 0 [System] [MY-011323] [Server] X Plugin ready for connections. Socket: /var/run/mysqld/mysqlx.sock
2021-11-03T12:04:05.882565-00:00 0 [System] [MY-010931] [Server] /usr/sbin/mysqld: ready for connections. Version: '8.0.27'  socket: '/var/run/mysqld/mysqld.sock'  port: 0  MySQL Community Server - GPL.
2021-11-03T12:06:02.689766-00:00 13 [System] [MY-013172] [Server] Received SHUTDOWN from user root. Shutting down mysqld (Version: 8.0.27).
2021-11-03T12:06:05.362817-00:00 0 [System] [MY-010910] [Server] /usr/sbin/mysqld: Shutdown complete (mysqld 8.0.27)  MySQL Community Server - GPL.
2021-11-03T12:06:06.383356-00:00 0 [System] [MY-010116] [Server] /usr/sbin/mysqld (mysqld 8.0.27) starting as process 1
2021-11-03T12:06:06.429121-00:00 0 [Warning] [MY-010159] [Server] Setting lower_case_table_names=2 because file system for /var/lib/mysql/ is case insensitive
2021-11-03T12:06:06.556950-00:00 1 [System] [MY-013576] [InnoDB] InnoDB initialization has started.
2021-11-03T12:06:10.349852-00:00 1 [System] [MY-013577] [InnoDB] InnoDB initialization has ended.
2021-11-03T12:06:11.995489-00:00 0 [Warning] [MY-013746] [Server] A deprecated TLS version TLSv1 is enabled for channel mysql_main
2021-11-03T12:06:11.998638-00:00 0 [Warning] [MY-013746] [Server] A deprecated TLS version TLSv1.1 is enabled for channel mysql_main
2021-11-03T12:06:12.054154-00:00 0 [Warning] [MY-010068] [Server] CA certificate ca.pem is self signed.
2021-11-03T12:06:12.056551-00:00 0 [System] [MY-013602] [Server] Channel mysql_main configured to support TLS. Encrypted connections are now supported for this channel.
2021-11-03T12:06:12.092566-00:00 0 [Warning] [MY-011810] [Server] Insecure configuration for --pid-file: Location '/var/run/mysqld' in the path is accessible to all OS users. Consider choosing a different directory.
2021-11-03T12:06:12.332985-00:00 0 [System] [MY-011323] [Server] X Plugin ready for connections. Bind-address: '::' port: 33060, socket: /var/run/mysqld/mysqlx.sock
2021-11-03T12:06:12.333101-00:00 0 [System] [MY-010931] [Server] /usr/sbin/mysqld: ready for connections. Version: '8.0.27'  socket: '/var/run/mysqld/mysqld.sock'  port: 3306  MySQL Community Server - GPL.
2021-11-03T12:20:11.617871-00:00 0 [System] [MY-013172] [Server] Received SHUTDOWN from user <via user signal>. Shutting down mysqld (Version: 8.0.27).
2021-11-03T12:20:13.881585-00:00 0 [System] [MY-010910] [Server] /usr/sbin/mysqld: Shutdown complete (mysqld 8.0.27)  MySQL Community Server - GPL.
2021-11-03T12:21:57.891701-00:00 0 [System] [MY-010116] [Server] /usr/sbin/mysqld (mysqld 8.0.27) starting as process 1
2021-11-03T12:21:57.925942-00:00 0 [Warning] [MY-010159] [Server] Setting lower_case_table_names=2 because file system for /var/lib/mysql/ is case insensitive
2021-11-03T12:21:57.980846-00:00 1 [System] [MY-013576] [InnoDB] InnoDB initialization has started.
2021-11-03T12:22:00.154194-00:00 1 [System] [MY-013577] [InnoDB] InnoDB initialization has ended.
2021-11-03T12:22:01.091198-00:00 0 [Warning] [MY-013746] [Server] A deprecated TLS version TLSv1 is enabled for channel mysql_main
2021-11-03T12:22:01.094737-00:00 0 [Warning] [MY-013746] [Server] A deprecated TLS version TLSv1.1 is enabled for channel mysql_main
2021-11-03T12:22:01.112450-00:00 0 [Warning] [MY-010068] [Server] CA certificate ca.pem is self signed.
2021-11-03T12:22:01.114017-00:00 0 [System] [MY-013602] [Server] Channel mysql_main configured to support TLS. Encrypted connections are now supported for this channel.
2021-11-03T12:22:01.133006-00:00 0 [Warning] [MY-011810] [Server] Insecure configuration for --pid-file: Location '/var/run/mysqld' in the path is accessible to all OS users. Consider choosing a different directory.
2021-11-03T12:22:01.402669-00:00 0 [System] [MY-011323] [Server] X Plugin ready for connections. Bind-address: '::' port: 33060, socket: /var/run/mysqld/mysqlx.sock
2021-11-03T12:22:01.403389-00:00 0 [System] [MY-010931] [Server] /usr/sbin/mysqld: ready for connections. Version: '8.0.27'  socket: '/var/run/mysqld/mysqld.sock'  port: 3306  MySQL Community Server - GPL.
2021-11-03T12:32:38.268843-00:00 0 [System] [MY-013172] [Server] Received SHUTDOWN from user <via user signal>. Shutting down mysqld (Version: 8.0.27).
2021-11-03T12:32:40.210409-00:00 0 [System] [MY-010910] [Server] /usr/sbin/mysqld: Shutdown complete (mysqld 8.0.27)  MySQL Community Server - GPL.
2021-11-03T12:55:36.091495-00:00 0 [System] [MY-010116] [Server] /usr/sbin/mysqld (mysqld 8.0.27) starting as process 1
2021-11-03T12:55:36.115223-00:00 0 [Warning] [MY-010159] [Server] Setting lower_case_table_names=2 because file system for /var/lib/mysql/ is case insensitive
2021-11-03T12:55:36.186817-00:00 1 [System] [MY-013576] [InnoDB] InnoDB initialization has started.
2021-11-03T12:55:38.192902-00:00 1 [System] [MY-013577] [InnoDB] InnoDB initialization has ended.
2021-11-03T12:55:39.203560-00:00 0 [Warning] [MY-013746] [Server] A deprecated TLS version TLSv1 is enabled for channel mysql_main
2021-11-03T12:55:39.204734-00:00 0 [Warning] [MY-013746] [Server] A deprecated TLS version TLSv1.1 is enabled for channel mysql_main
2021-11-03T12:55:39.261352-00:00 0 [Warning] [MY-010068] [Server] CA certificate ca.pem is self signed.
2021-11-03T12:55:39.263440-00:00 0 [System] [MY-013602] [Server] Channel mysql_main configured to support TLS. Encrypted connections are now supported for this channel.
2021-11-03T12:55:39.304690-00:00 0 [Warning] [MY-011810] [Server] Insecure configuration for --pid-file: Location '/var/run/mysqld' in the path is accessible to all OS users. Consider choosing a different directory.
2021-11-03T12:55:39.739468-00:00 0 [System] [MY-011323] [Server] X Plugin ready for connections. Bind-address: '::' port: 33060, socket: /var/run/mysqld/mysqlx.sock
2021-11-03T12:55:39.740029-00:00 0 [System] [MY-010931] [Server] /usr/sbin/mysqld: ready for connections. Version: '8.0.27'  socket: '/var/run/mysqld/mysqld.sock'  port: 3306  MySQL Community Server - GPL.
2021-11-03T13:00:41.484323-00:00 0 [System] [MY-013172] [Server] Received SHUTDOWN from user <via user signal>. Shutting down mysqld (Version: 8.0.27).
2021-11-03T13:00:42.670352-00:00 0 [System] [MY-010910] [Server] /usr/sbin/mysqld: Shutdown complete (mysqld 8.0.27)  MySQL Community Server - GPL.
2021-11-03T13:00:59.198150-00:00 0 [System] [MY-010116] [Server] /usr/sbin/mysqld (mysqld 8.0.27) starting as process 1
2021-11-03T13:00:59.216055-00:00 0 [Warning] [MY-010159] [Server] Setting lower_case_table_names=2 because file system for /var/lib/mysql/ is case insensitive
2021-11-03T13:00:59.260979-00:00 1 [System] [MY-013576] [InnoDB] InnoDB initialization has started.
2021-11-03T13:01:00.865254-00:00 1 [System] [MY-013577] [InnoDB] InnoDB initialization has ended.
2021-11-03T13:01:01.570997-00:00 0 [Warning] [MY-013746] [Server] A deprecated TLS version TLSv1 is enabled for channel mysql_main
2021-11-03T13:01:01.572198-00:00 0 [Warning] [MY-013746] [Server] A deprecated TLS version TLSv1.1 is enabled for channel mysql_main
2021-11-03T13:01:01.584451-00:00 0 [Warning] [MY-010068] [Server] CA certificate ca.pem is self signed.
2021-11-03T13:01:01.585965-00:00 0 [System] [MY-013602] [Server] Channel mysql_main configured to support TLS. Encrypted connections are now supported for this channel.
2021-11-03T13:01:01.603129-00:00 0 [Warning] [MY-011810] [Server] Insecure configuration for --pid-file: Location '/var/run/mysqld' in the path is accessible to all OS users. Consider choosing a different directory.
2021-11-03T13:01:01.963785-00:00 0 [System] [MY-011323] [Server] X Plugin ready for connections. Bind-address: '::' port: 33060, socket: /var/run/mysqld/mysqlx.sock
2021-11-03T13:01:01.964826-00:00 0 [System] [MY-010931] [Server] /usr/sbin/mysqld: ready for connections. Version: '8.0.27'  socket: '/var/run/mysqld/mysqld.sock'  port: 3306  MySQL Community Server - GPL.
2021-11-03T13:03:13.700168-00:00 0 [System] [MY-013172] [Server] Received SHUTDOWN from user <via user signal>. Shutting down mysqld (Version: 8.0.27).
2021-11-03T13:03:15.205525-00:00 0 [System] [MY-010910] [Server] /usr/sbin/mysqld: Shutdown complete (mysqld 8.0.27)  MySQL Community Server - GPL.
2021-11-03T13:04:29.490743-00:00 0 [System] [MY-010116] [Server] /usr/sbin/mysqld (mysqld 8.0.27) starting as process 1
2021-11-03T13:04:29.502752-00:00 0 [Warning] [MY-010159] [Server] Setting lower_case_table_names=2 because file system for /var/lib/mysql/ is case insensitive
2021-11-03T13:04:29.533126-00:00 1 [System] [MY-013576] [InnoDB] InnoDB initialization has started.
2021-11-03T13:04:32.936242-00:00 1 [System] [MY-013577] [InnoDB] InnoDB initialization has ended.
2021-11-03T13:04:33.902734-00:00 0 [Warning] [MY-013746] [Server] A deprecated TLS version TLSv1 is enabled for channel mysql_main
2021-11-03T13:04:33.906849-00:00 0 [Warning] [MY-013746] [Server] A deprecated TLS version TLSv1.1 is enabled for channel mysql_main
2021-11-03T13:04:33.931087-00:00 0 [Warning] [MY-010068] [Server] CA certificate ca.pem is self signed.
2021-11-03T13:04:33.933974-00:00 0 [System] [MY-013602] [Server] Channel mysql_main configured to support TLS. Encrypted connections are now supported for this channel.
2021-11-03T13:04:33.960436-00:00 0 [Warning] [MY-011810] [Server] Insecure configuration for --pid-file: Location '/var/run/mysqld' in the path is accessible to all OS users. Consider choosing a different directory.
2021-11-03T13:04:34.239156-00:00 0 [System] [MY-011323] [Server] X Plugin ready for connections. Bind-address: '::' port: 33060, socket: /var/run/mysqld/mysqlx.sock
2021-11-03T13:04:34.239411-00:00 0 [System] [MY-010931] [Server] /usr/sbin/mysqld: ready for connections. Version: '8.0.27'  socket: '/var/run/mysqld/mysqld.sock'  port: 3306  MySQL Community Server - GPL.
2021-11-03T13:44:02.484808-00:00 0 [System] [MY-013172] [Server] Received SHUTDOWN from user <via user signal>. Shutting down mysqld (Version: 8.0.27).
2021-11-03T13:44:04.402203-00:00 0 [System] [MY-010910] [Server] /usr/sbin/mysqld: Shutdown complete (mysqld 8.0.27)  MySQL Community Server - GPL.
2021-11-03T13:45:48.253083-00:00 0 [System] [MY-010116] [Server] /usr/sbin/mysqld (mysqld 8.0.27) starting as process 1
2021-11-03T13:45:48.275728-00:00 0 [Warning] [MY-010159] [Server] Setting lower_case_table_names=2 because file system for /var/lib/mysql/ is case insensitive
2021-11-03T13:45:48.334508-00:00 1 [System] [MY-013576] [InnoDB] InnoDB initialization has started.
2021-11-03T13:45:50.118765-00:00 1 [System] [MY-013577] [InnoDB] InnoDB initialization has ended.
2021-11-03T13:45:51.577505-00:00 0 [Warning] [MY-013746] [Server] A deprecated TLS version TLSv1 is enabled for channel mysql_main
2021-11-03T13:45:51.582814-00:00 0 [Warning] [MY-013746] [Server] A deprecated TLS version TLSv1.1 is enabled for channel mysql_main
2021-11-03T13:45:51.622481-00:00 0 [Warning] [MY-010068] [Server] CA certificate ca.pem is self signed.
2021-11-03T13:45:51.626462-00:00 0 [System] [MY-013602] [Server] Channel mysql_main configured to support TLS. Encrypted connections are now supported for this channel.
2021-11-03T13:45:51.665266-00:00 0 [Warning] [MY-011810] [Server] Insecure configuration for --pid-file: Location '/var/run/mysqld' in the path is accessible to all OS users. Consider choosing a different directory.
2021-11-03T13:45:51.944636-00:00 0 [System] [MY-011323] [Server] X Plugin ready for connections. Bind-address: '::' port: 33060, socket: /var/run/mysqld/mysqlx.sock
2021-11-03T13:45:51.945292-00:00 0 [System] [MY-010931] [Server] /usr/sbin/mysqld: ready for connections. Version: '8.0.27'  socket: '/var/run/mysqld/mysqld.sock'  port: 3306  MySQL Community Server - GPL.
2021-11-03T14:18:55.383343-00:00 0 [System] [MY-013172] [Server] Received SHUTDOWN from user <via user signal>. Shutting down mysqld (Version: 8.0.27).
2021-11-03T14:18:59.219322-00:00 0 [System] [MY-010910] [Server] /usr/sbin/mysqld: Shutdown complete (mysqld 8.0.27)  MySQL Community Server - GPL.
2021-11-13T13:41:27.303620-00:00 0 [System] [MY-010116] [Server] /usr/sbin/mysqld (mysqld 8.0.27) starting as process 1
2021-11-13T13:41:27.349517-00:00 0 [Warning] [MY-010159] [Server] Setting lower_case_table_names=2 because file system for /var/lib/mysql/ is case insensitive
2021-11-13T13:41:27.464425-00:00 1 [System] [MY-013576] [InnoDB] InnoDB initialization has started.
2021-11-13T13:41:30.578576-00:00 1 [System] [MY-013577] [InnoDB] InnoDB initialization has ended.
2021-11-13T13:41:32.346739-00:00 0 [Warning] [MY-013746] [Server] A deprecated TLS version TLSv1 is enabled for channel mysql_main
2021-11-13T13:41:32.348492-00:00 0 [Warning] [MY-013746] [Server] A deprecated TLS version TLSv1.1 is enabled for channel mysql_main
2021-11-13T13:41:32.407044-00:00 0 [Warning] [MY-010068] [Server] CA certificate ca.pem is self signed.
2021-11-13T13:41:32.413043-00:00 0 [System] [MY-013602] [Server] Channel mysql_main configured to support TLS. Encrypted connections are now supported for this channel.
2021-11-13T13:41:32.484815-00:00 0 [Warning] [MY-011810] [Server] Insecure configuration for --pid-file: Location '/var/run/mysqld' in the path is accessible to all OS users. Consider choosing a different directory.
2021-11-13T13:41:33.489127-00:00 0 [System] [MY-011323] [Server] X Plugin ready for connections. Bind-address: '::' port: 33060, socket: /var/run/mysqld/mysqlx.sock
2021-11-13T13:41:33.491272-00:00 0 [System] [MY-010931] [Server] /usr/sbin/mysqld: ready for connections. Version: '8.0.27'  socket: '/var/run/mysqld/mysqld.sock'  port: 3306  MySQL Community Server - GPL.
2021-11-13T13:45:42.956215-00:00 0 [System] [MY-013172] [Server] Received SHUTDOWN from user <via user signal>. Shutting down mysqld (Version: 8.0.27).
2021-11-13T13:45:44.247130-00:00 0 [System] [MY-010910] [Server] /usr/sbin/mysqld: Shutdown complete (mysqld 8.0.27)  MySQL Community Server - GPL.
2021-11-13T13:46:00.800117-00:00 0 [System] [MY-010116] [Server] /usr/sbin/mysqld (mysqld 8.0.27) starting as process 1
2021-11-13T13:46:00.810052-00:00 0 [Warning] [MY-010159] [Server] Setting lower_case_table_names=2 because file system for /var/lib/mysql/ is case insensitive
2021-11-13T13:46:00.838197-00:00 1 [System] [MY-013576] [InnoDB] InnoDB initialization has started.
2021-11-13T13:46:02.582799-00:00 1 [System] [MY-013577] [InnoDB] InnoDB initialization has ended.
2021-11-13T13:46:03.437126-00:00 0 [Warning] [MY-013746] [Server] A deprecated TLS version TLSv1 is enabled for channel mysql_main
2021-11-13T13:46:03.438037-00:00 0 [Warning] [MY-013746] [Server] A deprecated TLS version TLSv1.1 is enabled for channel mysql_main
2021-11-13T13:46:03.450859-00:00 0 [Warning] [MY-010068] [Server] CA certificate ca.pem is self signed.
2021-11-13T13:46:03.452832-00:00 0 [System] [MY-013602] [Server] Channel mysql_main configured to support TLS. Encrypted connections are now supported for this channel.
2021-11-13T13:46:03.470105-00:00 0 [Warning] [MY-011810] [Server] Insecure configuration for --pid-file: Location '/var/run/mysqld' in the path is accessible to all OS users. Consider choosing a different directory.
2021-11-13T13:46:03.745847-00:00 0 [System] [MY-011323] [Server] X Plugin ready for connections. Bind-address: '::' port: 33060, socket: /var/run/mysqld/mysqlx.sock
2021-11-13T13:46:03.746312-00:00 0 [System] [MY-010931] [Server] /usr/sbin/mysqld: ready for connections. Version: '8.0.27'  socket: '/var/run/mysqld/mysqld.sock'  port: 3306  MySQL Community Server - GPL.
2021-11-13T14:33:25.325291-00:00 0 [System] [MY-013172] [Server] Received SHUTDOWN from user <via user signal>. Shutting down mysqld (Version: 8.0.27).
2021-11-13T14:33:26.295324-00:00 0 [System] [MY-010910] [Server] /usr/sbin/mysqld: Shutdown complete (mysqld 8.0.27)  MySQL Community Server - GPL.
2021-11-13T14:34:55.665259-00:00 0 [System] [MY-010116] [Server] /usr/sbin/mysqld (mysqld 8.0.27) starting as process 1
2021-11-13T14:34:55.674360-00:00 0 [Warning] [MY-010159] [Server] Setting lower_case_table_names=2 because file system for /var/lib/mysql/ is case insensitive
2021-11-13T14:34:55.704600-00:00 1 [System] [MY-013576] [InnoDB] InnoDB initialization has started.
2021-11-13T14:34:57.583556-00:00 1 [System] [MY-013577] [InnoDB] InnoDB initialization has ended.
2021-11-13T14:34:59.564270-00:00 0 [Warning] [MY-013746] [Server] A deprecated TLS version TLSv1 is enabled for channel mysql_main
2021-11-13T14:34:59.572804-00:00 0 [Warning] [MY-013746] [Server] A deprecated TLS version TLSv1.1 is enabled for channel mysql_main
2021-11-13T14:34:59.620077-00:00 0 [Warning] [MY-010068] [Server] CA certificate ca.pem is self signed.
2021-11-13T14:34:59.622477-00:00 0 [System] [MY-013602] [Server] Channel mysql_main configured to support TLS. Encrypted connections are now supported for this channel.
2021-11-13T14:34:59.660460-00:00 0 [Warning] [MY-011810] [Server] Insecure configuration for --pid-file: Location '/var/run/mysqld' in the path is accessible to all OS users. Consider choosing a different directory.
2021-11-13T14:35:00.015419-00:00 0 [System] [MY-011323] [Server] X Plugin ready for connections. Bind-address: '::' port: 33060, socket: /var/run/mysqld/mysqlx.sock
2021-11-13T14:35:00.016117-00:00 0 [System] [MY-010931] [Server] /usr/sbin/mysqld: ready for connections. Version: '8.0.27'  socket: '/var/run/mysqld/mysqld.sock'  port: 3306  MySQL Community Server - GPL.
2021-11-13T14:38:15.550980-00:00 0 [System] [MY-013172] [Server] Received SHUTDOWN from user <via user signal>. Shutting down mysqld (Version: 8.0.27).
2021-11-13T14:38:17.279748-00:00 0 [System] [MY-010910] [Server] /usr/sbin/mysqld: Shutdown complete (mysqld 8.0.27)  MySQL Community Server - GPL.
2021-11-13T14:45:06.178707-00:00 0 [System] [MY-010116] [Server] /usr/sbin/mysqld (mysqld 8.0.27) starting as process 1
2021-11-13T14:45:06.233594-00:00 0 [Warning] [MY-010159] [Server] Setting lower_case_table_names=2 because file system for /var/lib/mysql/ is case insensitive
2021-11-13T14:45:06.526615-00:00 1 [System] [MY-013576] [InnoDB] InnoDB initialization has started.
2021-11-13T14:45:17.703446-00:00 1 [System] [MY-013577] [InnoDB] InnoDB initialization has ended.
2021-11-13T14:45:20.258205-00:00 0 [Warning] [MY-013746] [Server] A deprecated TLS version TLSv1 is enabled for channel mysql_main
2021-11-13T14:45:20.260502-00:00 0 [Warning] [MY-013746] [Server] A deprecated TLS version TLSv1.1 is enabled for channel mysql_main
2021-11-13T14:45:20.318423-00:00 0 [Warning] [MY-010068] [Server] CA certificate ca.pem is self signed.
2021-11-13T14:45:20.321980-00:00 0 [System] [MY-013602] [Server] Channel mysql_main configured to support TLS. Encrypted connections are now supported for this channel.
2021-11-13T14:45:20.376076-00:00 0 [Warning] [MY-011810] [Server] Insecure configuration for --pid-file: Location '/var/run/mysqld' in the path is accessible to all OS users. Consider choosing a different directory.
2021-11-13T14:45:21.055155-00:00 0 [System] [MY-011323] [Server] X Plugin ready for connections. Bind-address: '::' port: 33060, socket: /var/run/mysqld/mysqlx.sock
2021-11-13T14:45:21.056835-00:00 0 [System] [MY-010931] [Server] /usr/sbin/mysqld: ready for connections. Version: '8.0.27'  socket: '/var/run/mysqld/mysqld.sock'  port: 3306  MySQL Community Server - GPL.
2021-11-18T11:16:25.370271-00:00 0 [System] [MY-010116] [Server] /usr/sbin/mysqld (mysqld 8.0.27) starting as process 1
2021-11-18T11:16:25.382834-00:00 0 [Warning] [MY-010159] [Server] Setting lower_case_table_names=2 because file system for /var/lib/mysql/ is case insensitive
2021-11-18T11:16:25.421255-00:00 1 [System] [MY-013576] [InnoDB] InnoDB initialization has started.
2021-11-18T11:16:27.078754-00:00 1 [System] [MY-013577] [InnoDB] InnoDB initialization has ended.
2021-11-18T11:16:27.720241-00:00 0 [System] [MY-010229] [Server] Starting XA crash recovery...
2021-11-18T11:16:27.749432-00:00 0 [System] [MY-010232] [Server] XA crash recovery finished.
2021-11-18T11:16:27.872266-00:00 0 [Warning] [MY-013746] [Server] A deprecated TLS version TLSv1 is enabled for channel mysql_main
2021-11-18T11:16:27.874608-00:00 0 [Warning] [MY-013746] [Server] A deprecated TLS version TLSv1.1 is enabled for channel mysql_main
2021-11-18T11:16:27.901936-00:00 0 [Warning] [MY-010068] [Server] CA certificate ca.pem is self signed.
2021-11-18T11:16:27.904085-00:00 0 [System] [MY-013602] [Server] Channel mysql_main configured to support TLS. Encrypted connections are now supported for this channel.
2021-11-18T11:16:27.927800-00:00 0 [Warning] [MY-011810] [Server] Insecure configuration for --pid-file: Location '/var/run/mysqld' in the path is accessible to all OS users. Consider choosing a different directory.
2021-11-18T11:16:28.163016-00:00 0 [System] [MY-011323] [Server] X Plugin ready for connections. Bind-address: '::' port: 33060, socket: /var/run/mysqld/mysqlx.sock
2021-11-18T11:16:28.163863-00:00 0 [System] [MY-010931] [Server] /usr/sbin/mysqld: ready for connections. Version: '8.0.27'  socket: '/var/run/mysqld/mysqld.sock'  port: 3306  MySQL Community Server - GPL.
2021-11-21T02:03:07.502329-00:00 0 [System] [MY-013172] [Server] Received SHUTDOWN from user <via user signal>. Shutting down mysqld (Version: 8.0.27).
2021-11-21T02:03:09.478956-00:00 0 [System] [MY-010910] [Server] /usr/sbin/mysqld: Shutdown complete (mysqld 8.0.27)  MySQL Community Server - GPL.
2021-11-21T02:16:51.476480-00:00 0 [System] [MY-010116] [Server] /usr/sbin/mysqld (mysqld 8.0.27) starting as process 1
2021-11-21T02:16:51.485644-00:00 0 [Warning] [MY-010159] [Server] Setting lower_case_table_names=2 because file system for /var/lib/mysql/ is case insensitive
2021-11-21T02:16:51.532529-00:00 1 [System] [MY-013576] [InnoDB] InnoDB initialization has started.
2021-11-21T02:16:52.708899-00:00 1 [System] [MY-013577] [InnoDB] InnoDB initialization has ended.
2021-11-21T02:16:53.372745-00:00 0 [Warning] [MY-013746] [Server] A deprecated TLS version TLSv1 is enabled for channel mysql_main
2021-11-21T02:16:53.374954-00:00 0 [Warning] [MY-013746] [Server] A deprecated TLS version TLSv1.1 is enabled for channel mysql_main
2021-11-21T02:16:53.409093-00:00 0 [Warning] [MY-010068] [Server] CA certificate ca.pem is self signed.
2021-11-21T02:16:53.411668-00:00 0 [System] [MY-013602] [Server] Channel mysql_main configured to support TLS. Encrypted connections are now supported for this channel.
2021-11-21T02:16:53.566421-00:00 0 [Warning] [MY-011810] [Server] Insecure configuration for --pid-file: Location '/var/run/mysqld' in the path is accessible to all OS users. Consider choosing a different directory.
2021-11-21T02:16:53.894795-00:00 0 [System] [MY-011323] [Server] X Plugin ready for connections. Bind-address: '::' port: 33060, socket: /var/run/mysqld/mysqlx.sock
2021-11-21T02:16:53.895856-00:00 0 [System] [MY-010931] [Server] /usr/sbin/mysqld: ready for connections. Version: '8.0.27'  socket: '/var/run/mysqld/mysqld.sock'  port: 3306  MySQL Community Server - GPL.
2021-11-21T11:07:23.841610-00:00 0 [System] [MY-013172] [Server] Received SHUTDOWN from user <via user signal>. Shutting down mysqld (Version: 8.0.27).
2021-11-21T11:07:26.176059-00:00 0 [System] [MY-010910] [Server] /usr/sbin/mysqld: Shutdown complete (mysqld 8.0.27)  MySQL Community Server - GPL.
2021-11-21T11:14:24.374374-00:00 0 [System] [MY-010116] [Server] /usr/sbin/mysqld (mysqld 8.0.27) starting as process 1
2021-11-21T11:14:24.419529-00:00 0 [Warning] [MY-010159] [Server] Setting lower_case_table_names=2 because file system for /var/lib/mysql/ is case insensitive
2021-11-21T11:14:24.477509-00:00 1 [System] [MY-013576] [InnoDB] InnoDB initialization has started.
2021-11-21T11:14:27.607096-00:00 1 [System] [MY-013577] [InnoDB] InnoDB initialization has ended.
2021-11-21T11:14:29.240597-00:00 0 [Warning] [MY-013746] [Server] A deprecated TLS version TLSv1 is enabled for channel mysql_main
2021-11-21T11:14:29.243349-00:00 0 [Warning] [MY-013746] [Server] A deprecated TLS version TLSv1.1 is enabled for channel mysql_main
2021-11-21T11:14:29.280651-00:00 0 [Warning] [MY-010068] [Server] CA certificate ca.pem is self signed.
2021-11-21T11:14:29.283287-00:00 0 [System] [MY-013602] [Server] Channel mysql_main configured to support TLS. Encrypted connections are now supported for this channel.
2021-11-21T11:14:29.313702-00:00 0 [Warning] [MY-011810] [Server] Insecure configuration for --pid-file: Location '/var/run/mysqld' in the path is accessible to all OS users. Consider choosing a different directory.
2021-11-21T11:14:29.635453-00:00 0 [System] [MY-011323] [Server] X Plugin ready for connections. Bind-address: '::' port: 33060, socket: /var/run/mysqld/mysqlx.sock
2021-11-21T11:14:29.636245-00:00 0 [System] [MY-010931] [Server] /usr/sbin/mysqld: ready for connections. Version: '8.0.27'  socket: '/var/run/mysqld/mysqld.sock'  port: 3306  MySQL Community Server - GPL.
2021-11-21T11:18:51.985859-00:00 0 [System] [MY-013172] [Server] Received SHUTDOWN from user <via user signal>. Shutting down mysqld (Version: 8.0.27).
2021-11-21T11:18:53.130941-00:00 0 [System] [MY-010910] [Server] /usr/sbin/mysqld: Shutdown complete (mysqld 8.0.27)  MySQL Community Server - GPL.
2021-11-22T14:58:18.537301-00:00 0 [System] [MY-010116] [Server] /usr/sbin/mysqld (mysqld 8.0.27) starting as process 1
2021-11-22T14:58:18.634730-00:00 0 [Warning] [MY-010159] [Server] Setting lower_case_table_names=2 because file system for /var/lib/mysql/ is case insensitive
2021-11-22T14:58:18.817081-00:00 1 [System] [MY-013576] [InnoDB] InnoDB initialization has started.
2021-11-22T14:58:27.486125-00:00 1 [System] [MY-013577] [InnoDB] InnoDB initialization has ended.
2021-11-22T14:58:34.236278-00:00 0 [Warning] [MY-013746] [Server] A deprecated TLS version TLSv1 is enabled for channel mysql_main
2021-11-22T14:58:34.242716-00:00 0 [Warning] [MY-013746] [Server] A deprecated TLS version TLSv1.1 is enabled for channel mysql_main
2021-11-22T14:58:34.379899-00:00 0 [Warning] [MY-010068] [Server] CA certificate ca.pem is self signed.
2021-11-22T14:58:34.382087-00:00 0 [System] [MY-013602] [Server] Channel mysql_main configured to support TLS. Encrypted connections are now supported for this channel.
2021-11-22T14:58:34.449821-00:00 0 [Warning] [MY-011810] [Server] Insecure configuration for --pid-file: Location '/var/run/mysqld' in the path is accessible to all OS users. Consider choosing a different directory.
2021-11-22T14:58:35.658914-00:00 0 [System] [MY-011323] [Server] X Plugin ready for connections. Bind-address: '::' port: 33060, socket: /var/run/mysqld/mysqlx.sock
2021-11-22T14:58:35.665206-00:00 0 [System] [MY-010931] [Server] /usr/sbin/mysqld: ready for connections. Version: '8.0.27'  socket: '/var/run/mysqld/mysqld.sock'  port: 3306  MySQL Community Server - GPL.
mbind: Operation not permitted
mbind: Operation not permitted
mbind: Operation not permitted
mbind: Operation not permitted
2021-11-24T15:56:10.167580-00:00 0 [System] [MY-013172] [Server] Received SHUTDOWN from user <via user signal>. Shutting down mysqld (Version: 8.0.27).
2021-11-24T15:56:15.711500-00:00 0 [System] [MY-010910] [Server] /usr/sbin/mysqld: Shutdown complete (mysqld 8.0.27)  MySQL Community Server - GPL.
2021-11-25T05:50:26.869488-00:00 0 [System] [MY-010116] [Server] /usr/sbin/mysqld (mysqld 8.0.27) starting as process 1
2021-11-25T05:50:26.910574-00:00 0 [Warning] [MY-010159] [Server] Setting lower_case_table_names=2 because file system for /var/lib/mysql/ is case insensitive
2021-11-25T05:50:27.023899-00:00 1 [System] [MY-013576] [InnoDB] InnoDB initialization has started.
2021-11-25T05:50:30.099857-00:00 1 [System] [MY-013577] [InnoDB] InnoDB initialization has ended.
2021-11-25T05:50:31.944388-00:00 0 [Warning] [MY-013746] [Server] A deprecated TLS version TLSv1 is enabled for channel mysql_main
2021-11-25T05:50:31.951220-00:00 0 [Warning] [MY-013746] [Server] A deprecated TLS version TLSv1.1 is enabled for channel mysql_main
2021-11-25T05:50:32.057033-00:00 0 [Warning] [MY-010068] [Server] CA certificate ca.pem is self signed.
2021-11-25T05:50:32.062085-00:00 0 [System] [MY-013602] [Server] Channel mysql_main configured to support TLS. Encrypted connections are now supported for this channel.
2021-11-25T05:50:32.099737-00:00 0 [Warning] [MY-011810] [Server] Insecure configuration for --pid-file: Location '/var/run/mysqld' in the path is accessible to all OS users. Consider choosing a different directory.
2021-11-25T05:50:32.544650-00:00 0 [System] [MY-011323] [Server] X Plugin ready for connections. Bind-address: '::' port: 33060, socket: /var/run/mysqld/mysqlx.sock
2021-11-25T05:50:32.544954-00:00 0 [System] [MY-010931] [Server] /usr/sbin/mysqld: ready for connections. Version: '8.0.27'  socket: '/var/run/mysqld/mysqld.sock'  port: 3306  MySQL Community Server - GPL.
2021-11-27T03:30:37.249813-00:00 0 [System] [MY-013172] [Server] Received SHUTDOWN from user <via user signal>. Shutting down mysqld (Version: 8.0.27).
2021-11-27T03:30:45.153782-00:00 0 [System] [MY-010910] [Server] /usr/sbin/mysqld: Shutdown complete (mysqld 8.0.27)  MySQL Community Server - GPL.
2021-11-27T03:31:27.767657-00:00 0 [System] [MY-010116] [Server] /usr/sbin/mysqld (mysqld 8.0.27) starting as process 1
2021-11-27T03:31:27.796317-00:00 0 [Warning] [MY-010159] [Server] Setting lower_case_table_names=2 because file system for /var/lib/mysql/ is case insensitive
2021-11-27T03:31:27.911767-00:00 1 [System] [MY-013576] [InnoDB] InnoDB initialization has started.
2021-11-27T03:31:30.952145-00:00 1 [System] [MY-013577] [InnoDB] InnoDB initialization has ended.
2021-11-27T03:31:32.845954-00:00 0 [Warning] [MY-013746] [Server] A deprecated TLS version TLSv1 is enabled for channel mysql_main
2021-11-27T03:31:32.848673-00:00 0 [Warning] [MY-013746] [Server] A deprecated TLS version TLSv1.1 is enabled for channel mysql_main
2021-11-27T03:31:32.940501-00:00 0 [Warning] [MY-010068] [Server] CA certificate ca.pem is self signed.
2021-11-27T03:31:32.947423-00:00 0 [System] [MY-013602] [Server] Channel mysql_main configured to support TLS. Encrypted connections are now supported for this channel.
2021-11-27T03:31:33.011608-00:00 0 [Warning] [MY-011810] [Server] Insecure configuration for --pid-file: Location '/var/run/mysqld' in the path is accessible to all OS users. Consider choosing a different directory.
2021-11-27T03:31:33.576158-00:00 0 [System] [MY-011323] [Server] X Plugin ready for connections. Bind-address: '::' port: 33060, socket: /var/run/mysqld/mysqlx.sock
2021-11-27T03:31:33.576504-00:00 0 [System] [MY-010931] [Server] /usr/sbin/mysqld: ready for connections. Version: '8.0.27'  socket: '/var/run/mysqld/mysqld.sock'  port: 3306  MySQL Community Server - GPL.
2021-11-29T00:22:19.182781-00:00 0 [System] [MY-010116] [Server] /usr/sbin/mysqld (mysqld 8.0.27) starting as process 1
2021-11-29T00:22:19.202010-00:00 0 [Warning] [MY-010159] [Server] Setting lower_case_table_names=2 because file system for /var/lib/mysql/ is case insensitive
2021-11-29T00:22:19.298916-00:00 1 [System] [MY-013576] [InnoDB] InnoDB initialization has started.
2021-11-29T00:22:25.316436-00:00 1 [System] [MY-013577] [InnoDB] InnoDB initialization has ended.
2021-11-29T00:22:28.117574-00:00 0 [System] [MY-010229] [Server] Starting XA crash recovery...
2021-11-29T00:22:28.145170-00:00 0 [System] [MY-010232] [Server] XA crash recovery finished.
2021-11-29T00:22:28.344204-00:00 0 [Warning] [MY-013746] [Server] A deprecated TLS version TLSv1 is enabled for channel mysql_main
2021-11-29T00:22:28.346559-00:00 0 [Warning] [MY-013746] [Server] A deprecated TLS version TLSv1.1 is enabled for channel mysql_main
2021-11-29T00:22:28.395118-00:00 0 [Warning] [MY-010068] [Server] CA certificate ca.pem is self signed.
2021-11-29T00:22:28.405152-00:00 0 [System] [MY-013602] [Server] Channel mysql_main configured to support TLS. Encrypted connections are now supported for this channel.
2021-11-29T00:22:28.460726-00:00 0 [Warning] [MY-011810] [Server] Insecure configuration for --pid-file: Location '/var/run/mysqld' in the path is accessible to all OS users. Consider choosing a different directory.
2021-11-29T00:22:28.820520-00:00 0 [System] [MY-011323] [Server] X Plugin ready for connections. Bind-address: '::' port: 33060, socket: /var/run/mysqld/mysqlx.sock
2021-11-29T00:22:28.822292-00:00 0 [System] [MY-010931] [Server] /usr/sbin/mysqld: ready for connections. Version: '8.0.27'  socket: '/var/run/mysqld/mysqld.sock'  port: 3306  MySQL Community Server - GPL.
mbind: Operation not permitted
2021-11-29T09:07:33.976371-00:00 0 [System] [MY-013172] [Server] Received SHUTDOWN from user <via user signal>. Shutting down mysqld (Version: 8.0.27).
2021-11-29T09:07:38.021724-00:00 0 [System] [MY-010910] [Server] /usr/sbin/mysqld: Shutdown complete (mysqld 8.0.27)  MySQL Community Server - GPL.
2021-11-29T09:08:24.172249-00:00 0 [System] [MY-010116] [Server] /usr/sbin/mysqld (mysqld 8.0.27) starting as process 1
2021-11-29T09:08:24.264847-00:00 0 [Warning] [MY-010159] [Server] Setting lower_case_table_names=2 because file system for /var/lib/mysql/ is case insensitive
2021-11-29T09:08:24.536680-00:00 1 [System] [MY-013576] [InnoDB] InnoDB initialization has started.
2021-11-29T09:08:36.497351-00:00 1 [System] [MY-013577] [InnoDB] InnoDB initialization has ended.
2021-11-29T09:08:44.033010-00:00 0 [Warning] [MY-013746] [Server] A deprecated TLS version TLSv1 is enabled for channel mysql_main
2021-11-29T09:08:44.047301-00:00 0 [Warning] [MY-013746] [Server] A deprecated TLS version TLSv1.1 is enabled for channel mysql_main
2021-11-29T09:08:44.287232-00:00 0 [Warning] [MY-010068] [Server] CA certificate ca.pem is self signed.
2021-11-29T09:08:44.295953-00:00 0 [System] [MY-013602] [Server] Channel mysql_main configured to support TLS. Encrypted connections are now supported for this channel.
2021-11-29T09:08:44.414198-00:00 0 [Warning] [MY-011810] [Server] Insecure configuration for --pid-file: Location '/var/run/mysqld' in the path is accessible to all OS users. Consider choosing a different directory.
2021-11-29T09:08:46.504148-00:00 0 [System] [MY-011323] [Server] X Plugin ready for connections. Bind-address: '::' port: 33060, socket: /var/run/mysqld/mysqlx.sock
2021-11-29T09:08:46.504369-00:00 0 [System] [MY-010931] [Server] /usr/sbin/mysqld: ready for connections. Version: '8.0.27'  socket: '/var/run/mysqld/mysqld.sock'  port: 3306  MySQL Community Server - GPL.
2021-12-02T13:24:40.562535-00:00 0 [System] [MY-013172] [Server] Received SHUTDOWN from user <via user signal>. Shutting down mysqld (Version: 8.0.27).
2021-12-02T14:30:10.104424-00:00 0 [System] [MY-010116] [Server] /usr/sbin/mysqld (mysqld 8.0.27) starting as process 1
2021-12-02T14:30:10.157360-00:00 0 [Warning] [MY-010159] [Server] Setting lower_case_table_names=2 because file system for /var/lib/mysql/ is case insensitive
2021-12-02T14:30:10.613942-00:00 1 [System] [MY-013576] [InnoDB] InnoDB initialization has started.
2021-12-02T14:30:18.294857-00:00 1 [System] [MY-013577] [InnoDB] InnoDB initialization has ended.
2021-12-02T14:30:21.468620-00:00 0 [Warning] [MY-013746] [Server] A deprecated TLS version TLSv1 is enabled for channel mysql_main
2021-12-02T14:30:21.471531-00:00 0 [Warning] [MY-013746] [Server] A deprecated TLS version TLSv1.1 is enabled for channel mysql_main
2021-12-02T14:30:21.590305-00:00 0 [Warning] [MY-010068] [Server] CA certificate ca.pem is self signed.
2021-12-02T14:30:21.591701-00:00 0 [System] [MY-013602] [Server] Channel mysql_main configured to support TLS. Encrypted connections are now supported for this channel.
2021-12-02T14:30:21.634386-00:00 0 [Warning] [MY-011810] [Server] Insecure configuration for --pid-file: Location '/var/run/mysqld' in the path is accessible to all OS users. Consider choosing a different directory.
2021-12-02T14:30:22.464224-00:00 0 [System] [MY-011323] [Server] X Plugin ready for connections. Bind-address: '::' port: 33060, socket: /var/run/mysqld/mysqlx.sock
2021-12-02T14:30:22.466834-00:00 0 [System] [MY-010931] [Server] /usr/sbin/mysqld: ready for connections. Version: '8.0.27'  socket: '/var/run/mysqld/mysqld.sock'  port: 3306  MySQL Community Server - GPL.
2021-12-02T15:40:49.210759-00:00 0 [System] [MY-013172] [Server] Received SHUTDOWN from user <via user signal>. Shutting down mysqld (Version: 8.0.27).
2021-12-02T15:40:52.949481-00:00 0 [System] [MY-010910] [Server] /usr/sbin/mysqld: Shutdown complete (mysqld 8.0.27)  MySQL Community Server - GPL.
2021-12-02T15:41:19.250140-00:00 0 [System] [MY-010116] [Server] /usr/sbin/mysqld (mysqld 8.0.27) starting as process 1
2021-12-02T15:41:19.264010-00:00 0 [Warning] [MY-010159] [Server] Setting lower_case_table_names=2 because file system for /var/lib/mysql/ is case insensitive
2021-12-02T15:41:19.331738-00:00 1 [System] [MY-013576] [InnoDB] InnoDB initialization has started.
2021-12-02T15:41:21.597180-00:00 1 [System] [MY-013577] [InnoDB] InnoDB initialization has ended.
2021-12-02T15:41:23.171356-00:00 0 [Warning] [MY-013746] [Server] A deprecated TLS version TLSv1 is enabled for channel mysql_main
2021-12-02T15:41:23.173139-00:00 0 [Warning] [MY-013746] [Server] A deprecated TLS version TLSv1.1 is enabled for channel mysql_main
2021-12-02T15:41:23.203291-00:00 0 [Warning] [MY-010068] [Server] CA certificate ca.pem is self signed.
2021-12-02T15:41:23.204579-00:00 0 [System] [MY-013602] [Server] Channel mysql_main configured to support TLS. Encrypted connections are now supported for this channel.
2021-12-02T15:41:23.233574-00:00 0 [Warning] [MY-011810] [Server] Insecure configuration for --pid-file: Location '/var/run/mysqld' in the path is accessible to all OS users. Consider choosing a different directory.
2021-12-02T15:41:23.528625-00:00 0 [System] [MY-011323] [Server] X Plugin ready for connections. Bind-address: '::' port: 33060, socket: /var/run/mysqld/mysqlx.sock
2021-12-02T15:41:23.530570-00:00 0 [System] [MY-010931] [Server] /usr/sbin/mysqld: ready for connections. Version: '8.0.27'  socket: '/var/run/mysqld/mysqld.sock'  port: 3306  MySQL Community Server - GPL.
2021-12-02T15:57:21.233068-00:00 0 [System] [MY-013172] [Server] Received SHUTDOWN from user <via user signal>. Shutting down mysqld (Version: 8.0.27).
2021-12-02T15:57:23.344063-00:00 0 [System] [MY-010910] [Server] /usr/sbin/mysqld: Shutdown complete (mysqld 8.0.27)  MySQL Community Server - GPL.
2021-12-02T16:10:55.703297-00:00 0 [System] [MY-010116] [Server] /usr/sbin/mysqld (mysqld 8.0.27) starting as process 1
2021-12-02T16:10:55.929889-00:00 0 [Warning] [MY-010159] [Server] Setting lower_case_table_names=2 because file system for /var/lib/mysql/ is case insensitive
2021-12-02T16:10:59.958313-00:00 1 [System] [MY-013576] [InnoDB] InnoDB initialization has started.
2021-12-02T16:11:11.557488-00:00 1 [System] [MY-013577] [InnoDB] InnoDB initialization has ended.
2021-12-02T16:11:21.548090-00:00 0 [Warning] [MY-013746] [Server] A deprecated TLS version TLSv1 is enabled for channel mysql_main
2021-12-02T16:11:21.558603-00:00 0 [Warning] [MY-013746] [Server] A deprecated TLS version TLSv1.1 is enabled for channel mysql_main
2021-12-02T16:11:21.727001-00:00 0 [Warning] [MY-010068] [Server] CA certificate ca.pem is self signed.
2021-12-02T16:11:21.775662-00:00 0 [System] [MY-013602] [Server] Channel mysql_main configured to support TLS. Encrypted connections are now supported for this channel.
2021-12-02T16:11:22.086627-00:00 0 [Warning] [MY-011810] [Server] Insecure configuration for --pid-file: Location '/var/run/mysqld' in the path is accessible to all OS users. Consider choosing a different directory.
2021-12-02T16:11:23.499352-00:00 0 [System] [MY-011323] [Server] X Plugin ready for connections. Bind-address: '::' port: 33060, socket: /var/run/mysqld/mysqlx.sock
2021-12-02T16:11:23.501207-00:00 0 [System] [MY-010931] [Server] /usr/sbin/mysqld: ready for connections. Version: '8.0.27'  socket: '/var/run/mysqld/mysqld.sock'  port: 3306  MySQL Community Server - GPL.
2021-12-02T17:43:43.070903-00:00 0 [System] [MY-013172] [Server] Received SHUTDOWN from user <via user signal>. Shutting down mysqld (Version: 8.0.27).
2021-12-02T17:43:51.906724-00:00 0 [System] [MY-010910] [Server] /usr/sbin/mysqld: Shutdown complete (mysqld 8.0.27)  MySQL Community Server - GPL.
2021-12-03T01:23:21.912437-00:00 0 [System] [MY-010116] [Server] /usr/sbin/mysqld (mysqld 8.0.27) starting as process 1
2021-12-03T01:23:21.947011-00:00 0 [Warning] [MY-010159] [Server] Setting lower_case_table_names=2 because file system for /var/lib/mysql/ is case insensitive
2021-12-03T01:23:22.063236-00:00 1 [System] [MY-013576] [InnoDB] InnoDB initialization has started.
2021-12-03T01:23:26.803073-00:00 1 [System] [MY-013577] [InnoDB] InnoDB initialization has ended.
2021-12-03T01:23:30.727716-00:00 0 [Warning] [MY-013746] [Server] A deprecated TLS version TLSv1 is enabled for channel mysql_main
2021-12-03T01:23:30.736630-00:00 0 [Warning] [MY-013746] [Server] A deprecated TLS version TLSv1.1 is enabled for channel mysql_main
2021-12-03T01:23:30.853537-00:00 0 [Warning] [MY-010068] [Server] CA certificate ca.pem is self signed.
2021-12-03T01:23:30.855593-00:00 0 [System] [MY-013602] [Server] Channel mysql_main configured to support TLS. Encrypted connections are now supported for this channel.
2021-12-03T01:23:30.904272-00:00 0 [Warning] [MY-011810] [Server] Insecure configuration for --pid-file: Location '/var/run/mysqld' in the path is accessible to all OS users. Consider choosing a different directory.
2021-12-03T01:23:31.356153-00:00 0 [System] [MY-011323] [Server] X Plugin ready for connections. Bind-address: '::' port: 33060, socket: /var/run/mysqld/mysqlx.sock
2021-12-03T01:23:31.356203-00:00 0 [System] [MY-010931] [Server] /usr/sbin/mysqld: ready for connections. Version: '8.0.27'  socket: '/var/run/mysqld/mysqld.sock'  port: 3306  MySQL Community Server - GPL.
2021-12-03T13:50:19.144049-00:00 0 [System] [MY-010116] [Server] /usr/sbin/mysqld (mysqld 8.0.27) starting as process 1
2021-12-03T13:50:19.158377-00:00 0 [Warning] [MY-010159] [Server] Setting lower_case_table_names=2 because file system for /var/lib/mysql/ is case insensitive
2021-12-03T13:50:19.213453-00:00 1 [System] [MY-013576] [InnoDB] InnoDB initialization has started.
2021-12-03T13:50:20.726638-00:00 1 [System] [MY-013577] [InnoDB] InnoDB initialization has ended.
2021-12-03T13:50:21.199675-00:00 0 [System] [MY-010229] [Server] Starting XA crash recovery...
2021-12-03T13:50:21.215003-00:00 0 [System] [MY-010232] [Server] XA crash recovery finished.
2021-12-03T13:50:21.326880-00:00 0 [Warning] [MY-013746] [Server] A deprecated TLS version TLSv1 is enabled for channel mysql_main
2021-12-03T13:50:21.328114-00:00 0 [Warning] [MY-013746] [Server] A deprecated TLS version TLSv1.1 is enabled for channel mysql_main
2021-12-03T13:50:21.344446-00:00 0 [Warning] [MY-010068] [Server] CA certificate ca.pem is self signed.
2021-12-03T13:50:21.345426-00:00 0 [System] [MY-013602] [Server] Channel mysql_main configured to support TLS. Encrypted connections are now supported for this channel.
2021-12-03T13:50:21.359425-00:00 0 [Warning] [MY-011810] [Server] Insecure configuration for --pid-file: Location '/var/run/mysqld' in the path is accessible to all OS users. Consider choosing a different directory.
2021-12-03T13:50:21.525373-00:00 0 [System] [MY-011323] [Server] X Plugin ready for connections. Bind-address: '::' port: 33060, socket: /var/run/mysqld/mysqlx.sock
2021-12-03T13:50:21.525623-00:00 0 [System] [MY-010931] [Server] /usr/sbin/mysqld: ready for connections. Version: '8.0.27'  socket: '/var/run/mysqld/mysqld.sock'  port: 3306  MySQL Community Server - GPL.
2021-12-13T05:07:05.138032-00:00 0 [System] [MY-013172] [Server] Received SHUTDOWN from user <via user signal>. Shutting down mysqld (Version: 8.0.27).
2021-12-13T05:07:12.106235-00:00 0 [System] [MY-010910] [Server] /usr/sbin/mysqld: Shutdown complete (mysqld 8.0.27)  MySQL Community Server - GPL.
2021-12-13T13:26:31.303401-00:00 0 [System] [MY-010116] [Server] /usr/sbin/mysqld (mysqld 8.0.27) starting as process 1
2021-12-13T13:26:31.353367-00:00 0 [Warning] [MY-010159] [Server] Setting lower_case_table_names=2 because file system for /var/lib/mysql/ is case insensitive
2021-12-13T13:26:31.559064-00:00 1 [System] [MY-013576] [InnoDB] InnoDB initialization has started.
2021-12-13T13:26:35.802559-00:00 1 [System] [MY-013577] [InnoDB] InnoDB initialization has ended.
2021-12-13T13:26:37.973574-00:00 0 [Warning] [MY-013746] [Server] A deprecated TLS version TLSv1 is enabled for channel mysql_main
2021-12-13T13:26:37.976605-00:00 0 [Warning] [MY-013746] [Server] A deprecated TLS version TLSv1.1 is enabled for channel mysql_main
2021-12-13T13:26:38.105228-00:00 0 [Warning] [MY-010068] [Server] CA certificate ca.pem is self signed.
2021-12-13T13:26:38.113427-00:00 0 [System] [MY-013602] [Server] Channel mysql_main configured to support TLS. Encrypted connections are now supported for this channel.
2021-12-13T13:26:38.156917-00:00 0 [Warning] [MY-011810] [Server] Insecure configuration for --pid-file: Location '/var/run/mysqld' in the path is accessible to all OS users. Consider choosing a different directory.
2021-12-13T13:26:38.741519-00:00 0 [System] [MY-011323] [Server] X Plugin ready for connections. Bind-address: '::' port: 33060, socket: /var/run/mysqld/mysqlx.sock
2021-12-13T13:26:38.743374-00:00 0 [System] [MY-010931] [Server] /usr/sbin/mysqld: ready for connections. Version: '8.0.27'  socket: '/var/run/mysqld/mysqld.sock'  port: 3306  MySQL Community Server - GPL.
2021-12-19T15:53:35.886989-00:00 0 [System] [MY-010116] [Server] /usr/sbin/mysqld (mysqld 8.0.27) starting as process 1
2021-12-19T15:53:35.898637-00:00 0 [Warning] [MY-010159] [Server] Setting lower_case_table_names=2 because file system for /var/lib/mysql/ is case insensitive
2021-12-19T15:53:35.937409-00:00 1 [System] [MY-013576] [InnoDB] InnoDB initialization has started.
2021-12-19T15:53:38.613949-00:00 1 [System] [MY-013577] [InnoDB] InnoDB initialization has ended.
2021-12-19T15:53:39.195472-00:00 0 [System] [MY-010229] [Server] Starting XA crash recovery...
2021-12-19T15:53:39.216570-00:00 0 [System] [MY-010232] [Server] XA crash recovery finished.
2021-12-19T15:53:39.372015-00:00 0 [Warning] [MY-013746] [Server] A deprecated TLS version TLSv1 is enabled for channel mysql_main
2021-12-19T15:53:39.373002-00:00 0 [Warning] [MY-013746] [Server] A deprecated TLS version TLSv1.1 is enabled for channel mysql_main
2021-12-19T15:53:39.393714-00:00 0 [Warning] [MY-010068] [Server] CA certificate ca.pem is self signed.
2021-12-19T15:53:39.395324-00:00 0 [System] [MY-013602] [Server] Channel mysql_main configured to support TLS. Encrypted connections are now supported for this channel.
2021-12-19T15:53:39.415462-00:00 0 [Warning] [MY-011810] [Server] Insecure configuration for --pid-file: Location '/var/run/mysqld' in the path is accessible to all OS users. Consider choosing a different directory.
2021-12-19T15:53:39.602469-00:00 0 [System] [MY-011323] [Server] X Plugin ready for connections. Bind-address: '::' port: 33060, socket: /var/run/mysqld/mysqlx.sock
2021-12-19T15:53:39.604313-00:00 0 [System] [MY-010931] [Server] /usr/sbin/mysqld: ready for connections. Version: '8.0.27'  socket: '/var/run/mysqld/mysqld.sock'  port: 3306  MySQL Community Server - GPL.
2021-12-23T02:08:02.391831-00:00 0 [System] [MY-013172] [Server] Received SHUTDOWN from user <via user signal>. Shutting down mysqld (Version: 8.0.27).
2021-12-23T02:08:05.112423-00:00 0 [System] [MY-010910] [Server] /usr/sbin/mysqld: Shutdown complete (mysqld 8.0.27)  MySQL Community Server - GPL.
2021-12-25T05:22:59.217542-00:00 0 [System] [MY-010116] [Server] /usr/sbin/mysqld (mysqld 8.0.27) starting as process 1
2021-12-25T05:22:59.239777-00:00 0 [Warning] [MY-010159] [Server] Setting lower_case_table_names=2 because file system for /var/lib/mysql/ is case insensitive
2021-12-25T05:22:59.338459-00:00 1 [System] [MY-013576] [InnoDB] InnoDB initialization has started.
2021-12-25T05:23:01.576381-00:00 1 [System] [MY-013577] [InnoDB] InnoDB initialization has ended.
2021-12-25T05:23:02.617991-00:00 0 [Warning] [MY-013746] [Server] A deprecated TLS version TLSv1 is enabled for channel mysql_main
2021-12-25T05:23:02.621905-00:00 0 [Warning] [MY-013746] [Server] A deprecated TLS version TLSv1.1 is enabled for channel mysql_main
2021-12-25T05:23:02.689456-00:00 0 [Warning] [MY-010068] [Server] CA certificate ca.pem is self signed.
2021-12-25T05:23:02.691266-00:00 0 [System] [MY-013602] [Server] Channel mysql_main configured to support TLS. Encrypted connections are now supported for this channel.
2021-12-25T05:23:02.718723-00:00 0 [Warning] [MY-011810] [Server] Insecure configuration for --pid-file: Location '/var/run/mysqld' in the path is accessible to all OS users. Consider choosing a different directory.
2021-12-25T05:23:03.065423-00:00 0 [System] [MY-011323] [Server] X Plugin ready for connections. Bind-address: '::' port: 33060, socket: /var/run/mysqld/mysqlx.sock
2021-12-25T05:23:03.066424-00:00 0 [System] [MY-010931] [Server] /usr/sbin/mysqld: ready for connections. Version: '8.0.27'  socket: '/var/run/mysqld/mysqld.sock'  port: 3306  MySQL Community Server - GPL.
2022-01-15T07:40:17.050351-00:00 0 [System] [MY-010116] [Server] /usr/sbin/mysqld (mysqld 8.0.27) starting as process 1
2022-01-15T07:40:17.104619-00:00 0 [Warning] [MY-010159] [Server] Setting lower_case_table_names=2 because file system for /var/lib/mysql/ is case insensitive
2022-01-15T07:40:17.250736-00:00 1 [System] [MY-013576] [InnoDB] InnoDB initialization has started.
2022-01-15T07:40:21.573537-00:00 1 [System] [MY-013577] [InnoDB] InnoDB initialization has ended.
2022-01-15T07:40:22.894656-00:00 0 [System] [MY-010229] [Server] Starting XA crash recovery...
2022-01-15T07:40:22.926103-00:00 0 [System] [MY-010232] [Server] XA crash recovery finished.
2022-01-15T07:40:23.245371-00:00 0 [Warning] [MY-013746] [Server] A deprecated TLS version TLSv1 is enabled for channel mysql_main
2022-01-15T07:40:23.247229-00:00 0 [Warning] [MY-013746] [Server] A deprecated TLS version TLSv1.1 is enabled for channel mysql_main
2022-01-15T07:40:23.293535-00:00 0 [Warning] [MY-010068] [Server] CA certificate ca.pem is self signed.
2022-01-15T07:40:23.298635-00:00 0 [System] [MY-013602] [Server] Channel mysql_main configured to support TLS. Encrypted connections are now supported for this channel.
2022-01-15T07:40:23.333788-00:00 0 [Warning] [MY-011810] [Server] Insecure configuration for --pid-file: Location '/var/run/mysqld' in the path is accessible to all OS users. Consider choosing a different directory.
2022-01-15T07:40:23.753432-00:00 0 [System] [MY-011323] [Server] X Plugin ready for connections. Bind-address: '::' port: 33060, socket: /var/run/mysqld/mysqlx.sock
2022-01-15T07:40:23.753923-00:00 0 [System] [MY-010931] [Server] /usr/sbin/mysqld: ready for connections. Version: '8.0.27'  socket: '/var/run/mysqld/mysqld.sock'  port: 3306  MySQL Community Server - GPL.
2022-01-15T08:04:30.302091-00:00 0 [System] [MY-013172] [Server] Received SHUTDOWN from user <via user signal>. Shutting down mysqld (Version: 8.0.27).
2022-01-15T08:04:32.359379-00:00 0 [System] [MY-010910] [Server] /usr/sbin/mysqld: Shutdown complete (mysqld 8.0.27)  MySQL Community Server - GPL.
2022-01-15T08:06:03.528476-00:00 0 [System] [MY-010116] [Server] /usr/sbin/mysqld (mysqld 8.0.27) starting as process 1
2022-01-15T08:06:03.548639-00:00 0 [Warning] [MY-010159] [Server] Setting lower_case_table_names=2 because file system for /var/lib/mysql/ is case insensitive
2022-01-15T08:06:03.596402-00:00 1 [System] [MY-013576] [InnoDB] InnoDB initialization has started.
2022-01-15T08:06:05.857122-00:00 1 [System] [MY-013577] [InnoDB] InnoDB initialization has ended.
2022-01-15T08:06:06.764466-00:00 0 [Warning] [MY-013746] [Server] A deprecated TLS version TLSv1 is enabled for channel mysql_main
2022-01-15T08:06:06.766244-00:00 0 [Warning] [MY-013746] [Server] A deprecated TLS version TLSv1.1 is enabled for channel mysql_main
2022-01-15T08:06:06.795304-00:00 0 [Warning] [MY-010068] [Server] CA certificate ca.pem is self signed.
2022-01-15T08:06:06.797513-00:00 0 [System] [MY-013602] [Server] Channel mysql_main configured to support TLS. Encrypted connections are now supported for this channel.
2022-01-15T08:06:06.820043-00:00 0 [Warning] [MY-011810] [Server] Insecure configuration for --pid-file: Location '/var/run/mysqld' in the path is accessible to all OS users. Consider choosing a different directory.
2022-01-15T08:06:07.502447-00:00 0 [System] [MY-011323] [Server] X Plugin ready for connections. Bind-address: '::' port: 33060, socket: /var/run/mysqld/mysqlx.sock
2022-01-15T08:06:07.502530-00:00 0 [System] [MY-010931] [Server] /usr/sbin/mysqld: ready for connections. Version: '8.0.27'  socket: '/var/run/mysqld/mysqld.sock'  port: 3306  MySQL Community Server - GPL.
2022-01-15T08:16:36.215541-00:00 8 [ERROR] [MY-012095] [InnoDB] [FATAL] Tablespace id is 241 in the data dictionary but in file ./laravel/users.ibd it is 257!
2022-01-15T08:16:36.216883-00:00 8 [ERROR] [MY-013183] [InnoDB] Assertion failure: fil0fil.cc:2631:ib::fatal triggered thread 140630384457472
InnoDB: We intentionally generate a memory trap.
InnoDB: Submit a detailed bug report to http://bugs.mysql.com.
InnoDB: If you get repeated assertion failures or crashes, even
InnoDB: immediately after the mysqld startup, there may be
InnoDB: corruption in the InnoDB tablespace. Please refer to
InnoDB: http://dev.mysql.com/doc/refman/8.0/en/forcing-innodb-recovery.html
InnoDB: about forcing recovery.
08:16:36 UTC - mysqld got signal 6 ;
Most likely, you have hit a bug, but this error can also be caused by malfunctioning hardware.
Thread pointer: 0x7fe6a4000f80
Attempting backtrace. You can use the following information to find out
where mysqld died. If you see no messages after this, something went
terribly wrong...
stack_bottom = 7fe7101c2d90 thread_stack 0x100000
/usr/sbin/mysqld(my_print_stacktrace(unsigned char const*, unsigned long)+0x3d) [0x562692611a5d]
/usr/sbin/mysqld(handle_fatal_signal+0x32b) [0x5626916a269b]
/lib/x86_64-linux-gnu/libpthread.so.0(+0x12730) [0x7fe720511730]
/lib/x86_64-linux-gnu/libc.so.6(gsignal+0x10b) [0x7fe71fc277bb]
/lib/x86_64-linux-gnu/libc.so.6(abort+0x121) [0x7fe71fc12535]
/usr/sbin/mysqld(+0xee192b) [0x5626913f392b]
/usr/sbin/mysqld(ib::fatal::~fatal()+0xda) [0x5626928d444a]
/usr/sbin/mysqld(Fil_shard::get_file_size(fil_node_t*, bool)+0x423) [0x562692a16803]
/usr/sbin/mysqld(Fil_shard::open_file(fil_node_t*, bool)+0x24e) [0x562692a1ecee]
/usr/sbin/mysqld(Fil_shard::prepare_file_for_io(fil_node_t*, bool)+0x94) [0x562692a1ee24]
/usr/sbin/mysqld(Fil_shard::do_io(IORequest const&, bool, page_id_t const&, page_size_t const&, unsigned long, unsigned long, void*, void*)+0x17b) [0x562692a2760b]
/usr/sbin/mysqld(fil_io(IORequest const&, bool, page_id_t const&, page_size_t const&, unsigned long, unsigned long, void*, void*)+0x57) [0x562692a28257]
/usr/sbin/mysqld(buf_read_page_low(dberr_t*, bool, unsigned long, unsigned long, page_id_t const&, page_size_t const&, bool)+0x198) [0x562692965c18]
/usr/sbin/mysqld(buf_read_page(page_id_t const&, page_size_t const&)+0x46) [0x5626929661c6]
/usr/sbin/mysqld(Buf_fetch<Buf_fetch_normal>::read_page()+0x35) [0x562692931465]
/usr/sbin/mysqld(Buf_fetch_normal::get(buf_block_t*&)+0xa0) [0x562692939de0]
/usr/sbin/mysqld(Buf_fetch<Buf_fetch_normal>::single_page()+0x52) [0x56269293a392]
/usr/sbin/mysqld(buf_page_get_gen(page_id_t const&, page_size_t const&, unsigned long, buf_block_t*, Page_fetch, char const*, unsigned long, mtr_t*, bool)+0x1cd) [0x56269293abed]
/usr/sbin/mysqld(btr_cur_search_to_nth_level(dict_index_t*, unsigned long, dtuple_t const*, page_cur_mode_t, unsigned long, btr_cur_t*, unsigned long, char const*, unsigned long, mtr_t*)+0x605) [0x5626929191a5]
/usr/sbin/mysqld(row_search_mvcc(unsigned char*, page_cur_mode_t, row_prebuilt_t*, unsigned long, unsigned long)+0x1ab4) [0x5626928478a4]
/usr/sbin/mysqld(ha_innobase::index_read(unsigned char*, unsigned char const*, unsigned int, ha_rkey_function)+0x331) [0x5626926f9201]
/usr/sbin/mysqld(handler::ha_index_read_map(unsigned char*, unsigned char const*, unsigned long, ha_rkey_function)+0x357) [0x5626917ae1a7]
/usr/sbin/mysqld(+0x100b1e3) [0x56269151d1e3]
/usr/sbin/mysqld(join_read_const_table(JOIN_TAB*, POSITION*)+0x8a) [0x56269151d2ca]
/usr/sbin/mysqld(JOIN::extract_func_dependent_tables()+0x4b8) [0x56269153dfc8]
/usr/sbin/mysqld(JOIN::make_join_plan()+0x10df) [0x5626915509ef]
/usr/sbin/mysqld(JOIN::optimize(bool)+0x10e8) [0x562691552498]
/usr/sbin/mysqld(Query_block::optimize(THD*, bool)+0xbd) [0x5626915b2c8d]
/usr/sbin/mysqld(Query_expression::optimize(THD*, TABLE*, bool, bool)+0x8e) [0x562691628fbe]
/usr/sbin/mysqld(Sql_cmd_dml::execute_inner(THD*)+0x30) [0x5626915b19a0]
/usr/sbin/mysqld(Sql_cmd_dml::execute(THD*)+0x2e5) [0x5626915b9ef5]
/usr/sbin/mysqld(mysql_execute_command(THD*, bool)+0xaaf) [0x56269155b5df]
/usr/sbin/mysqld(Prepared_statement::execute(String*, bool)+0x8b8) [0x56269158a138]
/usr/sbin/mysqld(Prepared_statement::execute_loop(String*, bool)+0x110) [0x56269158e720]
/usr/sbin/mysqld(mysqld_stmt_execute(THD*, Prepared_statement*, bool, unsigned long, PS_PARAM*)+0x1a1) [0x56269158ed51]
/usr/sbin/mysqld(dispatch_command(THD*, COM_DATA const*, enum_server_command)+0x27df) [0x562691562def]
/usr/sbin/mysqld(do_command(THD*)+0x19c) [0x56269156357c]
/usr/sbin/mysqld(+0x1181960) [0x562691693960]
/usr/sbin/mysqld(+0x2645ae4) [0x562692b57ae4]
/lib/x86_64-linux-gnu/libpthread.so.0(+0x7fa3) [0x7fe720506fa3]
/lib/x86_64-linux-gnu/libc.so.6(clone+0x3f) [0x7fe71fce94cf]

Trying to get some variables.
Some pointers may be invalid and cause the dump to abort.
Query (7fe6a4269800): select count(*) as aggregate from `users` where `email` = 'mayuchaichai@gmail.com'
Connection ID (thread ID): 8
Status: NOT_KILLED

The manual page at http://dev.mysql.com/doc/mysql/en/crashing.html contains
information that should help you find out what is causing the crash.
2022-01-15T08:28:42.706182-00:00 0 [System] [MY-010116] [Server] /usr/sbin/mysqld (mysqld 8.0.27) starting as process 1
2022-01-15T08:28:42.736838-00:00 0 [Warning] [MY-010159] [Server] Setting lower_case_table_names=2 because file system for /var/lib/mysql/ is case insensitive
2022-01-15T08:28:42.877795-00:00 1 [System] [MY-013576] [InnoDB] InnoDB initialization has started.
2022-01-15T08:28:48.402254-00:00 1 [System] [MY-013577] [InnoDB] InnoDB initialization has ended.
2022-01-15T08:28:50.846392-00:00 0 [System] [MY-010229] [Server] Starting XA crash recovery...
2022-01-15T08:28:51.031427-00:00 0 [System] [MY-010232] [Server] XA crash recovery finished.
2022-01-15T08:28:51.346221-00:00 0 [Warning] [MY-013746] [Server] A deprecated TLS version TLSv1 is enabled for channel mysql_main
2022-01-15T08:28:51.349718-00:00 0 [Warning] [MY-013746] [Server] A deprecated TLS version TLSv1.1 is enabled for channel mysql_main
2022-01-15T08:28:51.413068-00:00 0 [Warning] [MY-010068] [Server] CA certificate ca.pem is self signed.
2022-01-15T08:28:51.416831-00:00 0 [System] [MY-013602] [Server] Channel mysql_main configured to support TLS. Encrypted connections are now supported for this channel.
2022-01-15T08:28:51.465794-00:00 0 [Warning] [MY-011810] [Server] Insecure configuration for --pid-file: Location '/var/run/mysqld' in the path is accessible to all OS users. Consider choosing a different directory.
2022-01-15T08:28:52.014322-00:00 0 [System] [MY-011323] [Server] X Plugin ready for connections. Bind-address: '::' port: 33060, socket: /var/run/mysqld/mysqlx.sock
2022-01-15T08:28:52.014868-00:00 0 [System] [MY-010931] [Server] /usr/sbin/mysqld: ready for connections. Version: '8.0.27'  socket: '/var/run/mysqld/mysqld.sock'  port: 3306  MySQL Community Server - GPL.
