2022-01-04T04:56:33.237473-00:00 0 [System] [MY-013169] [Server] /usr/sbin/mysqld (mysqld 8.0.27) initializing of server in progress as process 43
2022-01-04T04:56:33.247888-00:00 0 [Warning] [MY-010159] [Server] Setting lower_case_table_names=2 because file system for /var/lib/mysql/ is case insensitive
2022-01-04T04:56:33.272944-00:00 1 [System] [MY-013576] [InnoDB] InnoDB initialization has started.
2022-01-04T04:56:36.532092-00:00 1 [System] [MY-013577] [InnoDB] InnoDB initialization has ended.
2022-01-04T04:56:42.961204-00:00 0 [Warning] [MY-013746] [Server] A deprecated TLS version TLSv1 is enabled for channel mysql_main
2022-01-04T04:56:42.962969-00:00 0 [Warning] [MY-013746] [Server] A deprecated TLS version TLSv1.1 is enabled for channel mysql_main
2022-01-04T04:56:43.178539-00:00 6 [Warning] [MY-010453] [Server] root@localhost is created with an empty password ! Please consider switching off the --initialize-insecure option.
2022-01-04T04:57:01.482901-00:00 0 [System] [MY-010116] [Server] /usr/sbin/mysqld (mysqld 8.0.27) starting as process 92
2022-01-04T04:57:01.504761-00:00 0 [Warning] [MY-010159] [Server] Setting lower_case_table_names=2 because file system for /var/lib/mysql/ is case insensitive
2022-01-04T04:57:01.558921-00:00 1 [System] [MY-013576] [InnoDB] InnoDB initialization has started.
2022-01-04T04:57:02.599766-00:00 1 [System] [MY-013577] [InnoDB] InnoDB initialization has ended.
2022-01-04T04:57:03.266259-00:00 0 [Warning] [MY-013746] [Server] A deprecated TLS version TLSv1 is enabled for channel mysql_main
2022-01-04T04:57:03.266726-00:00 0 [Warning] [MY-013746] [Server] A deprecated TLS version TLSv1.1 is enabled for channel mysql_main
2022-01-04T04:57:03.271585-00:00 0 [Warning] [MY-010068] [Server] CA certificate ca.pem is self signed.
2022-01-04T04:57:03.272457-00:00 0 [System] [MY-013602] [Server] Channel mysql_main configured to support TLS. Encrypted connections are now supported for this channel.
2022-01-04T04:57:03.278563-00:00 0 [Warning] [MY-011810] [Server] Insecure configuration for --pid-file: Location '/var/run/mysqld' in the path is accessible to all OS users. Consider choosing a different directory.
2022-01-04T04:57:03.341240-00:00 0 [System] [MY-011323] [Server] X Plugin ready for connections. Socket: /var/run/mysqld/mysqlx.sock
2022-01-04T04:57:03.341449-00:00 0 [System] [MY-010931] [Server] /usr/sbin/mysqld: ready for connections. Version: '8.0.27'  socket: '/var/run/mysqld/mysqld.sock'  port: 0  MySQL Community Server - GPL.
2022-01-04T04:57:23.661599-00:00 13 [System] [MY-013172] [Server] Received SHUTDOWN from user root. Shutting down mysqld (Version: 8.0.27).
2022-01-04T04:57:25.437595-00:00 0 [System] [MY-010910] [Server] /usr/sbin/mysqld: Shutdown complete (mysqld 8.0.27)  MySQL Community Server - GPL.
2022-01-04T04:57:25.994488-00:00 0 [System] [MY-010116] [Server] /usr/sbin/mysqld (mysqld 8.0.27) starting as process 1
2022-01-04T04:57:26.005486-00:00 0 [Warning] [MY-010159] [Server] Setting lower_case_table_names=2 because file system for /var/lib/mysql/ is case insensitive
2022-01-04T04:57:26.049928-00:00 1 [System] [MY-013576] [InnoDB] InnoDB initialization has started.
2022-01-04T04:57:27.384522-00:00 1 [System] [MY-013577] [InnoDB] InnoDB initialization has ended.
2022-01-04T04:57:28.051817-00:00 0 [Warning] [MY-013746] [Server] A deprecated TLS version TLSv1 is enabled for channel mysql_main
2022-01-04T04:57:28.052723-00:00 0 [Warning] [MY-013746] [Server] A deprecated TLS version TLSv1.1 is enabled for channel mysql_main
2022-01-04T04:57:28.058742-00:00 0 [Warning] [MY-010068] [Server] CA certificate ca.pem is self signed.
2022-01-04T04:57:28.059501-00:00 0 [System] [MY-013602] [Server] Channel mysql_main configured to support TLS. Encrypted connections are now supported for this channel.
2022-01-04T04:57:28.066945-00:00 0 [Warning] [MY-011810] [Server] Insecure configuration for --pid-file: Location '/var/run/mysqld' in the path is accessible to all OS users. Consider choosing a different directory.
2022-01-04T04:57:28.162107-00:00 0 [System] [MY-011323] [Server] X Plugin ready for connections. Bind-address: '::' port: 33060, socket: /var/run/mysqld/mysqlx.sock
2022-01-04T04:57:28.162482-00:00 0 [System] [MY-010931] [Server] /usr/sbin/mysqld: ready for connections. Version: '8.0.27'  socket: '/var/run/mysqld/mysqld.sock'  port: 3306  MySQL Community Server - GPL.
2022-01-06T05:52:00.987207-00:00 0 [System] [MY-013172] [Server] Received SHUTDOWN from user <via user signal>. Shutting down mysqld (Version: 8.0.27).
2022-01-06T05:52:05.445268-00:00 0 [System] [MY-010910] [Server] /usr/sbin/mysqld: Shutdown complete (mysqld 8.0.27)  MySQL Community Server - GPL.
2022-01-08T00:47:07.168910-00:00 0 [System] [MY-010116] [Server] /usr/sbin/mysqld (mysqld 8.0.27) starting as process 1
2022-01-08T00:47:07.202792-00:00 0 [Warning] [MY-010159] [Server] Setting lower_case_table_names=2 because file system for /var/lib/mysql/ is case insensitive
2022-01-08T00:47:07.302378-00:00 1 [System] [MY-013576] [InnoDB] InnoDB initialization has started.
2022-01-08T00:47:10.900851-00:00 1 [System] [MY-013577] [InnoDB] InnoDB initialization has ended.
2022-01-08T00:47:12.830003-00:00 0 [Warning] [MY-013746] [Server] A deprecated TLS version TLSv1 is enabled for channel mysql_main
2022-01-08T00:47:12.832319-00:00 0 [Warning] [MY-013746] [Server] A deprecated TLS version TLSv1.1 is enabled for channel mysql_main
2022-01-08T00:47:12.866140-00:00 0 [Warning] [MY-010068] [Server] CA certificate ca.pem is self signed.
2022-01-08T00:47:12.867993-00:00 0 [System] [MY-013602] [Server] Channel mysql_main configured to support TLS. Encrypted connections are now supported for this channel.
2022-01-08T00:47:12.899344-00:00 0 [Warning] [MY-011810] [Server] Insecure configuration for --pid-file: Location '/var/run/mysqld' in the path is accessible to all OS users. Consider choosing a different directory.
2022-01-08T00:47:13.314052-00:00 0 [System] [MY-011323] [Server] X Plugin ready for connections. Bind-address: '::' port: 33060, socket: /var/run/mysqld/mysqlx.sock
2022-01-08T00:47:13.314607-00:00 0 [System] [MY-010931] [Server] /usr/sbin/mysqld: ready for connections. Version: '8.0.27'  socket: '/var/run/mysqld/mysqld.sock'  port: 3306  MySQL Community Server - GPL.
2022-01-08T13:59:34.235917-00:00 0 [System] [MY-013172] [Server] Received SHUTDOWN from user <via user signal>. Shutting down mysqld (Version: 8.0.27).
2022-01-08T13:59:36.487914-00:00 0 [System] [MY-010910] [Server] /usr/sbin/mysqld: Shutdown complete (mysqld 8.0.27)  MySQL Community Server - GPL.
2022-01-08T14:00:53.294105-00:00 0 [System] [MY-010116] [Server] /usr/sbin/mysqld (mysqld 8.0.27) starting as process 1
2022-01-08T14:00:53.311297-00:00 0 [Warning] [MY-010159] [Server] Setting lower_case_table_names=2 because file system for /var/lib/mysql/ is case insensitive
2022-01-08T14:00:53.380631-00:00 1 [System] [MY-013576] [InnoDB] InnoDB initialization has started.
2022-01-08T14:00:55.971309-00:00 1 [System] [MY-013577] [InnoDB] InnoDB initialization has ended.
2022-01-08T14:00:57.798623-00:00 0 [Warning] [MY-013746] [Server] A deprecated TLS version TLSv1 is enabled for channel mysql_main
2022-01-08T14:00:57.802438-00:00 0 [Warning] [MY-013746] [Server] A deprecated TLS version TLSv1.1 is enabled for channel mysql_main
2022-01-08T14:00:57.852528-00:00 0 [Warning] [MY-010068] [Server] CA certificate ca.pem is self signed.
2022-01-08T14:00:57.854444-00:00 0 [System] [MY-013602] [Server] Channel mysql_main configured to support TLS. Encrypted connections are now supported for this channel.
2022-01-08T14:00:57.887839-00:00 0 [Warning] [MY-011810] [Server] Insecure configuration for --pid-file: Location '/var/run/mysqld' in the path is accessible to all OS users. Consider choosing a different directory.
2022-01-08T14:00:58.335554-00:00 0 [System] [MY-011323] [Server] X Plugin ready for connections. Bind-address: '::' port: 33060, socket: /var/run/mysqld/mysqlx.sock
2022-01-08T14:00:58.335933-00:00 0 [System] [MY-010931] [Server] /usr/sbin/mysqld: ready for connections. Version: '8.0.27'  socket: '/var/run/mysqld/mysqld.sock'  port: 3306  MySQL Community Server - GPL.
2022-01-08T14:40:13.734301-00:00 0 [System] [MY-013172] [Server] Received SHUTDOWN from user <via user signal>. Shutting down mysqld (Version: 8.0.27).
2022-01-08T14:40:15.313907-00:00 0 [System] [MY-010910] [Server] /usr/sbin/mysqld: Shutdown complete (mysqld 8.0.27)  MySQL Community Server - GPL.
2022-01-08T14:41:56.937677-00:00 0 [System] [MY-010116] [Server] /usr/sbin/mysqld (mysqld 8.0.27) starting as process 1
2022-01-08T14:41:56.953241-00:00 0 [Warning] [MY-010159] [Server] Setting lower_case_table_names=2 because file system for /var/lib/mysql/ is case insensitive
2022-01-08T14:41:56.990622-00:00 1 [System] [MY-013576] [InnoDB] InnoDB initialization has started.
2022-01-08T14:41:58.816711-00:00 1 [System] [MY-013577] [InnoDB] InnoDB initialization has ended.
2022-01-08T14:41:59.708518-00:00 0 [Warning] [MY-013746] [Server] A deprecated TLS version TLSv1 is enabled for channel mysql_main
2022-01-08T14:41:59.710667-00:00 0 [Warning] [MY-013746] [Server] A deprecated TLS version TLSv1.1 is enabled for channel mysql_main
2022-01-08T14:41:59.731457-00:00 0 [Warning] [MY-010068] [Server] CA certificate ca.pem is self signed.
2022-01-08T14:41:59.732792-00:00 0 [System] [MY-013602] [Server] Channel mysql_main configured to support TLS. Encrypted connections are now supported for this channel.
2022-01-08T14:41:59.754719-00:00 0 [Warning] [MY-011810] [Server] Insecure configuration for --pid-file: Location '/var/run/mysqld' in the path is accessible to all OS users. Consider choosing a different directory.
2022-01-08T14:42:00.259875-00:00 0 [System] [MY-011323] [Server] X Plugin ready for connections. Bind-address: '::' port: 33060, socket: /var/run/mysqld/mysqlx.sock
2022-01-08T14:42:00.261302-00:00 0 [System] [MY-010931] [Server] /usr/sbin/mysqld: ready for connections. Version: '8.0.27'  socket: '/var/run/mysqld/mysqld.sock'  port: 3306  MySQL Community Server - GPL.
2022-01-09T06:59:16.638517-00:00 0 [System] [MY-013172] [Server] Received SHUTDOWN from user <via user signal>. Shutting down mysqld (Version: 8.0.27).
2022-01-09T06:59:18.824050-00:00 0 [System] [MY-010910] [Server] /usr/sbin/mysqld: Shutdown complete (mysqld 8.0.27)  MySQL Community Server - GPL.
2022-01-09T07:03:46.155797-00:00 0 [System] [MY-010116] [Server] /usr/sbin/mysqld (mysqld 8.0.27) starting as process 1
2022-01-09T07:03:46.192687-00:00 0 [Warning] [MY-010159] [Server] Setting lower_case_table_names=2 because file system for /var/lib/mysql/ is case insensitive
2022-01-09T07:03:46.447200-00:00 1 [System] [MY-013576] [InnoDB] InnoDB initialization has started.
2022-01-09T07:03:50.587919-00:00 1 [System] [MY-013577] [InnoDB] InnoDB initialization has ended.
2022-01-09T07:03:52.342080-00:00 0 [Warning] [MY-013746] [Server] A deprecated TLS version TLSv1 is enabled for channel mysql_main
2022-01-09T07:03:52.345708-00:00 0 [Warning] [MY-013746] [Server] A deprecated TLS version TLSv1.1 is enabled for channel mysql_main
2022-01-09T07:03:52.393403-00:00 0 [Warning] [MY-010068] [Server] CA certificate ca.pem is self signed.
2022-01-09T07:03:52.395536-00:00 0 [System] [MY-013602] [Server] Channel mysql_main configured to support TLS. Encrypted connections are now supported for this channel.
2022-01-09T07:03:52.429647-00:00 0 [Warning] [MY-011810] [Server] Insecure configuration for --pid-file: Location '/var/run/mysqld' in the path is accessible to all OS users. Consider choosing a different directory.
2022-01-09T07:03:52.728745-00:00 0 [System] [MY-011323] [Server] X Plugin ready for connections. Bind-address: '::' port: 33060, socket: /var/run/mysqld/mysqlx.sock
2022-01-09T07:03:52.731275-00:00 0 [System] [MY-010931] [Server] /usr/sbin/mysqld: ready for connections. Version: '8.0.27'  socket: '/var/run/mysqld/mysqld.sock'  port: 3306  MySQL Community Server - GPL.
2022-01-09T08:24:38.513932-00:00 0 [System] [MY-013172] [Server] Received SHUTDOWN from user <via user signal>. Shutting down mysqld (Version: 8.0.27).
2022-01-09T08:24:45.379886-00:00 0 [System] [MY-010910] [Server] /usr/sbin/mysqld: Shutdown complete (mysqld 8.0.27)  MySQL Community Server - GPL.
2022-01-09T09:40:27.174761-00:00 0 [System] [MY-010116] [Server] /usr/sbin/mysqld (mysqld 8.0.27) starting as process 1
2022-01-09T09:40:27.186851-00:00 0 [Warning] [MY-010159] [Server] Setting lower_case_table_names=2 because file system for /var/lib/mysql/ is case insensitive
2022-01-09T09:40:27.228704-00:00 1 [System] [MY-013576] [InnoDB] InnoDB initialization has started.
2022-01-09T09:40:28.446748-00:00 1 [System] [MY-013577] [InnoDB] InnoDB initialization has ended.
2022-01-09T09:40:29.155084-00:00 0 [Warning] [MY-013746] [Server] A deprecated TLS version TLSv1 is enabled for channel mysql_main
2022-01-09T09:40:29.156952-00:00 0 [Warning] [MY-013746] [Server] A deprecated TLS version TLSv1.1 is enabled for channel mysql_main
2022-01-09T09:40:29.195217-00:00 0 [Warning] [MY-010068] [Server] CA certificate ca.pem is self signed.
2022-01-09T09:40:29.197895-00:00 0 [System] [MY-013602] [Server] Channel mysql_main configured to support TLS. Encrypted connections are now supported for this channel.
2022-01-09T09:40:29.220154-00:00 0 [Warning] [MY-011810] [Server] Insecure configuration for --pid-file: Location '/var/run/mysqld' in the path is accessible to all OS users. Consider choosing a different directory.
2022-01-09T09:40:29.397364-00:00 0 [System] [MY-011323] [Server] X Plugin ready for connections. Bind-address: '::' port: 33060, socket: /var/run/mysqld/mysqlx.sock
2022-01-09T09:40:29.397914-00:00 0 [System] [MY-010931] [Server] /usr/sbin/mysqld: ready for connections. Version: '8.0.27'  socket: '/var/run/mysqld/mysqld.sock'  port: 3306  MySQL Community Server - GPL.
2022-01-09T09:56:57.198604-00:00 0 [System] [MY-013172] [Server] Received SHUTDOWN from user <via user signal>. Shutting down mysqld (Version: 8.0.27).
2022-01-09T09:56:57.991290-00:00 0 [System] [MY-010910] [Server] /usr/sbin/mysqld: Shutdown complete (mysqld 8.0.27)  MySQL Community Server - GPL.
2022-01-09T10:01:09.289670-00:00 0 [System] [MY-010116] [Server] /usr/sbin/mysqld (mysqld 8.0.27) starting as process 1
2022-01-09T10:01:09.301096-00:00 0 [Warning] [MY-010159] [Server] Setting lower_case_table_names=2 because file system for /var/lib/mysql/ is case insensitive
2022-01-09T10:01:09.347610-00:00 1 [System] [MY-013576] [InnoDB] InnoDB initialization has started.
2022-01-09T10:01:12.076068-00:00 1 [System] [MY-013577] [InnoDB] InnoDB initialization has ended.
2022-01-09T10:01:13.163157-00:00 0 [Warning] [MY-013746] [Server] A deprecated TLS version TLSv1 is enabled for channel mysql_main
2022-01-09T10:01:13.165476-00:00 0 [Warning] [MY-013746] [Server] A deprecated TLS version TLSv1.1 is enabled for channel mysql_main
2022-01-09T10:01:13.207293-00:00 0 [Warning] [MY-010068] [Server] CA certificate ca.pem is self signed.
2022-01-09T10:01:13.209914-00:00 0 [System] [MY-013602] [Server] Channel mysql_main configured to support TLS. Encrypted connections are now supported for this channel.
2022-01-09T10:01:13.285384-00:00 0 [Warning] [MY-011810] [Server] Insecure configuration for --pid-file: Location '/var/run/mysqld' in the path is accessible to all OS users. Consider choosing a different directory.
2022-01-09T10:01:13.927007-00:00 0 [System] [MY-011323] [Server] X Plugin ready for connections. Bind-address: '::' port: 33060, socket: /var/run/mysqld/mysqlx.sock
2022-01-09T10:01:13.927210-00:00 0 [System] [MY-010931] [Server] /usr/sbin/mysqld: ready for connections. Version: '8.0.27'  socket: '/var/run/mysqld/mysqld.sock'  port: 3306  MySQL Community Server - GPL.
2022-01-11T04:22:12.250583-00:00 0 [System] [MY-013172] [Server] Received SHUTDOWN from user <via user signal>. Shutting down mysqld (Version: 8.0.27).
2022-01-11T04:22:15.257040-00:00 0 [System] [MY-010910] [Server] /usr/sbin/mysqld: Shutdown complete (mysqld 8.0.27)  MySQL Community Server - GPL.
2022-01-13T08:14:09.472902-00:00 0 [System] [MY-010116] [Server] /usr/sbin/mysqld (mysqld 8.0.27) starting as process 1
2022-01-13T08:14:09.484209-00:00 0 [Warning] [MY-010159] [Server] Setting lower_case_table_names=2 because file system for /var/lib/mysql/ is case insensitive
2022-01-13T08:14:09.565990-00:00 1 [System] [MY-013576] [InnoDB] InnoDB initialization has started.
2022-01-13T08:14:12.814175-00:00 1 [System] [MY-013577] [InnoDB] InnoDB initialization has ended.
2022-01-13T08:14:14.586776-00:00 0 [Warning] [MY-013746] [Server] A deprecated TLS version TLSv1 is enabled for channel mysql_main
2022-01-13T08:14:14.589182-00:00 0 [Warning] [MY-013746] [Server] A deprecated TLS version TLSv1.1 is enabled for channel mysql_main
2022-01-13T08:14:14.687817-00:00 0 [Warning] [MY-010068] [Server] CA certificate ca.pem is self signed.
2022-01-13T08:14:14.691452-00:00 0 [System] [MY-013602] [Server] Channel mysql_main configured to support TLS. Encrypted connections are now supported for this channel.
2022-01-13T08:14:14.734244-00:00 0 [Warning] [MY-011810] [Server] Insecure configuration for --pid-file: Location '/var/run/mysqld' in the path is accessible to all OS users. Consider choosing a different directory.
2022-01-13T08:14:15.016499-00:00 0 [System] [MY-011323] [Server] X Plugin ready for connections. Bind-address: '::' port: 33060, socket: /var/run/mysqld/mysqlx.sock
2022-01-13T08:14:15.017361-00:00 0 [System] [MY-010931] [Server] /usr/sbin/mysqld: ready for connections. Version: '8.0.27'  socket: '/var/run/mysqld/mysqld.sock'  port: 3306  MySQL Community Server - GPL.
2022-01-13T08:31:33.695247-00:00 0 [System] [MY-013172] [Server] Received SHUTDOWN from user <via user signal>. Shutting down mysqld (Version: 8.0.27).
2022-01-13T08:31:35.741890-00:00 0 [System] [MY-010910] [Server] /usr/sbin/mysqld: Shutdown complete (mysqld 8.0.27)  MySQL Community Server - GPL.
2022-01-13T08:38:38.022116-00:00 0 [System] [MY-010116] [Server] /usr/sbin/mysqld (mysqld 8.0.27) starting as process 1
2022-01-13T08:38:38.182542-00:00 0 [Warning] [MY-010159] [Server] Setting lower_case_table_names=2 because file system for /var/lib/mysql/ is case insensitive
2022-01-13T08:38:38.299912-00:00 1 [System] [MY-013576] [InnoDB] InnoDB initialization has started.
2022-01-13T08:38:52.663246-00:00 1 [System] [MY-013577] [InnoDB] InnoDB initialization has ended.
2022-01-13T08:38:55.386647-00:00 0 [Warning] [MY-013746] [Server] A deprecated TLS version TLSv1 is enabled for channel mysql_main
2022-01-13T08:38:55.387960-00:00 0 [Warning] [MY-013746] [Server] A deprecated TLS version TLSv1.1 is enabled for channel mysql_main
2022-01-13T08:38:55.438275-00:00 0 [Warning] [MY-010068] [Server] CA certificate ca.pem is self signed.
2022-01-13T08:38:55.440321-00:00 0 [System] [MY-013602] [Server] Channel mysql_main configured to support TLS. Encrypted connections are now supported for this channel.
2022-01-13T08:38:55.471292-00:00 0 [Warning] [MY-011810] [Server] Insecure configuration for --pid-file: Location '/var/run/mysqld' in the path is accessible to all OS users. Consider choosing a different directory.
2022-01-13T08:38:56.139339-00:00 0 [System] [MY-010931] [Server] /usr/sbin/mysqld: ready for connections. Version: '8.0.27'  socket: '/var/run/mysqld/mysqld.sock'  port: 3306  MySQL Community Server - GPL.
2022-01-13T08:38:56.143481-00:00 0 [System] [MY-011323] [Server] X Plugin ready for connections. Bind-address: '::' port: 33060, socket: /var/run/mysqld/mysqlx.sock
2022-01-13T12:26:41.991152-00:00 0 [System] [MY-010116] [Server] /usr/sbin/mysqld (mysqld 8.0.27) starting as process 1
2022-01-13T12:26:42.037092-00:00 0 [Warning] [MY-010159] [Server] Setting lower_case_table_names=2 because file system for /var/lib/mysql/ is case insensitive
2022-01-13T12:26:42.132388-00:00 1 [System] [MY-013576] [InnoDB] InnoDB initialization has started.
2022-01-13T12:26:47.170344-00:00 1 [System] [MY-013577] [InnoDB] InnoDB initialization has ended.
2022-01-13T12:26:48.972987-00:00 0 [System] [MY-010229] [Server] Starting XA crash recovery...
2022-01-13T12:26:49.015956-00:00 0 [System] [MY-010232] [Server] XA crash recovery finished.
2022-01-13T12:26:49.400882-00:00 0 [Warning] [MY-013746] [Server] A deprecated TLS version TLSv1 is enabled for channel mysql_main
2022-01-13T12:26:49.402989-00:00 0 [Warning] [MY-013746] [Server] A deprecated TLS version TLSv1.1 is enabled for channel mysql_main
2022-01-13T12:26:49.464970-00:00 0 [Warning] [MY-010068] [Server] CA certificate ca.pem is self signed.
2022-01-13T12:26:49.473653-00:00 0 [System] [MY-013602] [Server] Channel mysql_main configured to support TLS. Encrypted connections are now supported for this channel.
2022-01-13T12:26:49.649981-00:00 0 [Warning] [MY-011810] [Server] Insecure configuration for --pid-file: Location '/var/run/mysqld' in the path is accessible to all OS users. Consider choosing a different directory.
2022-01-13T12:26:50.725382-00:00 0 [System] [MY-011323] [Server] X Plugin ready for connections. Bind-address: '::' port: 33060, socket: /var/run/mysqld/mysqlx.sock
2022-01-13T12:26:50.725788-00:00 0 [System] [MY-010931] [Server] /usr/sbin/mysqld: ready for connections. Version: '8.0.27'  socket: '/var/run/mysqld/mysqld.sock'  port: 3306  MySQL Community Server - GPL.
2022-01-15T00:28:57.955846-00:00 0 [System] [MY-013172] [Server] Received SHUTDOWN from user <via user signal>. Shutting down mysqld (Version: 8.0.27).
2022-01-15T00:29:01.834580-00:00 0 [System] [MY-010910] [Server] /usr/sbin/mysqld: Shutdown complete (mysqld 8.0.27)  MySQL Community Server - GPL.
2022-01-15T00:38:42.728755-00:00 0 [System] [MY-010116] [Server] /usr/sbin/mysqld (mysqld 8.0.27) starting as process 1
2022-01-15T00:38:42.766353-00:00 0 [Warning] [MY-010159] [Server] Setting lower_case_table_names=2 because file system for /var/lib/mysql/ is case insensitive
2022-01-15T00:38:42.889007-00:00 1 [System] [MY-013576] [InnoDB] InnoDB initialization has started.
2022-01-15T00:38:49.683076-00:00 1 [System] [MY-013577] [InnoDB] InnoDB initialization has ended.
2022-01-15T00:38:53.291315-00:00 0 [Warning] [MY-013746] [Server] A deprecated TLS version TLSv1 is enabled for channel mysql_main
2022-01-15T00:38:53.293545-00:00 0 [Warning] [MY-013746] [Server] A deprecated TLS version TLSv1.1 is enabled for channel mysql_main
2022-01-15T00:38:53.371306-00:00 0 [Warning] [MY-010068] [Server] CA certificate ca.pem is self signed.
2022-01-15T00:38:53.374280-00:00 0 [System] [MY-013602] [Server] Channel mysql_main configured to support TLS. Encrypted connections are now supported for this channel.
2022-01-15T00:38:53.417897-00:00 0 [Warning] [MY-011810] [Server] Insecure configuration for --pid-file: Location '/var/run/mysqld' in the path is accessible to all OS users. Consider choosing a different directory.
2022-01-15T00:38:53.775810-00:00 0 [System] [MY-011323] [Server] X Plugin ready for connections. Bind-address: '::' port: 33060, socket: /var/run/mysqld/mysqlx.sock
2022-01-15T00:38:53.776244-00:00 0 [System] [MY-010931] [Server] /usr/sbin/mysqld: ready for connections. Version: '8.0.27'  socket: '/var/run/mysqld/mysqld.sock'  port: 3306  MySQL Community Server - GPL.
2022-01-15T09:17:21.593219-00:00 0 [System] [MY-010116] [Server] /usr/sbin/mysqld (mysqld 8.0.27) starting as process 1
2022-01-15T09:17:21.619720-00:00 0 [Warning] [MY-010159] [Server] Setting lower_case_table_names=2 because file system for /var/lib/mysql/ is case insensitive
2022-01-15T09:17:21.694764-00:00 1 [System] [MY-013576] [InnoDB] InnoDB initialization has started.
2022-01-15T09:17:25.873491-00:00 1 [System] [MY-013577] [InnoDB] InnoDB initialization has ended.
2022-01-15T09:17:27.381127-00:00 0 [System] [MY-010229] [Server] Starting XA crash recovery...
2022-01-15T09:17:27.452959-00:00 0 [System] [MY-010232] [Server] XA crash recovery finished.
2022-01-15T09:17:27.639750-00:00 0 [Warning] [MY-013746] [Server] A deprecated TLS version TLSv1 is enabled for channel mysql_main
2022-01-15T09:17:27.643025-00:00 0 [Warning] [MY-013746] [Server] A deprecated TLS version TLSv1.1 is enabled for channel mysql_main
2022-01-15T09:17:27.679909-00:00 0 [Warning] [MY-010068] [Server] CA certificate ca.pem is self signed.
2022-01-15T09:17:27.682499-00:00 0 [System] [MY-013602] [Server] Channel mysql_main configured to support TLS. Encrypted connections are now supported for this channel.
2022-01-15T09:17:27.722848-00:00 0 [Warning] [MY-011810] [Server] Insecure configuration for --pid-file: Location '/var/run/mysqld' in the path is accessible to all OS users. Consider choosing a different directory.
2022-01-15T09:17:28.179437-00:00 0 [System] [MY-011323] [Server] X Plugin ready for connections. Bind-address: '::' port: 33060, socket: /var/run/mysqld/mysqlx.sock
2022-01-15T09:17:28.180046-00:00 0 [System] [MY-010931] [Server] /usr/sbin/mysqld: ready for connections. Version: '8.0.27'  socket: '/var/run/mysqld/mysqld.sock'  port: 3306  MySQL Community Server - GPL.
2022-01-15T12:30:45.830273-00:00 0 [System] [MY-013172] [Server] Received SHUTDOWN from user <via user signal>. Shutting down mysqld (Version: 8.0.27).
2022-01-15T12:30:47.194157-00:00 0 [System] [MY-010910] [Server] /usr/sbin/mysqld: Shutdown complete (mysqld 8.0.27)  MySQL Community Server - GPL.
2022-01-15T12:30:56.546910-00:00 0 [System] [MY-010116] [Server] /usr/sbin/mysqld (mysqld 8.0.27) starting as process 1
2022-01-15T12:30:56.556748-00:00 0 [Warning] [MY-010159] [Server] Setting lower_case_table_names=2 because file system for /var/lib/mysql/ is case insensitive
2022-01-15T12:30:56.584187-00:00 1 [System] [MY-013576] [InnoDB] InnoDB initialization has started.
2022-01-15T12:30:57.589671-00:00 1 [System] [MY-013577] [InnoDB] InnoDB initialization has ended.
2022-01-15T12:30:58.135752-00:00 0 [Warning] [MY-013746] [Server] A deprecated TLS version TLSv1 is enabled for channel mysql_main
2022-01-15T12:30:58.137618-00:00 0 [Warning] [MY-013746] [Server] A deprecated TLS version TLSv1.1 is enabled for channel mysql_main
2022-01-15T12:30:58.148693-00:00 0 [Warning] [MY-010068] [Server] CA certificate ca.pem is self signed.
2022-01-15T12:30:58.149721-00:00 0 [System] [MY-013602] [Server] Channel mysql_main configured to support TLS. Encrypted connections are now supported for this channel.
2022-01-15T12:30:58.162013-00:00 0 [Warning] [MY-011810] [Server] Insecure configuration for --pid-file: Location '/var/run/mysqld' in the path is accessible to all OS users. Consider choosing a different directory.
2022-01-15T12:30:58.308802-00:00 0 [System] [MY-011323] [Server] X Plugin ready for connections. Bind-address: '::' port: 33060, socket: /var/run/mysqld/mysqlx.sock
2022-01-15T12:30:58.308916-00:00 0 [System] [MY-010931] [Server] /usr/sbin/mysqld: ready for connections. Version: '8.0.27'  socket: '/var/run/mysqld/mysqld.sock'  port: 3306  MySQL Community Server - GPL.
2022-01-15T14:59:01.824862-00:00 0 [System] [MY-013172] [Server] Received SHUTDOWN from user <via user signal>. Shutting down mysqld (Version: 8.0.27).
2022-01-15T14:59:04.262641-00:00 0 [System] [MY-010910] [Server] /usr/sbin/mysqld: Shutdown complete (mysqld 8.0.27)  MySQL Community Server - GPL.
